{"D:\\_HTBO\\HTBO\\backend\\src\\app.js": {"path":"D:\\_HTBO\\HTBO\\backend\\src\\app.js","statementMap":{"0":{"start":{"line":1,"column":16},"end":{"line":1,"column":34}},"1":{"start":{"line":2,"column":15},"end":{"line":2,"column":32}},"2":{"start":{"line":3,"column":13},"end":{"line":3,"column":28}},"3":{"start":{"line":5,"column":0},"end":{"line":5,"column":16}},"4":{"start":{"line":7,"column":12},"end":{"line":7,"column":21}},"5":{"start":{"line":9,"column":0},"end":{"line":9,"column":24}},"6":{"start":{"line":10,"column":0},"end":{"line":10,"column":16}},"7":{"start":{"line":12,"column":0},"end":{"line":12,"column":53}},"8":{"start":{"line":13,"column":0},"end":{"line":13,"column":53}},"9":{"start":{"line":14,"column":0},"end":{"line":14,"column":55}},"10":{"start":{"line":15,"column":0},"end":{"line":15,"column":59}},"11":{"start":{"line":16,"column":0},"end":{"line":16,"column":55}},"12":{"start":{"line":18,"column":0},"end":{"line":18,"column":21}}},"fnMap":{},"branchMap":{},"s":{"0":3,"1":3,"2":3,"3":3,"4":3,"5":3,"6":3,"7":3,"8":3,"9":3,"10":3,"11":3,"12":3},"f":{},"b":{},"_coverageSchema":"1a1c01bbd47fc00a2c39e90264f33305004495a9","hash":"7a336717b9893fc30e28e7ed0d72755dd1cd3d1b"}
,"D:\\_HTBO\\HTBO\\backend\\src\\controllers\\gameController.js": {"path":"D:\\_HTBO\\HTBO\\backend\\src\\controllers\\gameController.js","statementMap":{"0":{"start":{"line":1,"column":17},"end":{"line":1,"column":36}},"1":{"start":{"line":2,"column":13},"end":{"line":2,"column":38}},"2":{"start":{"line":4,"column":19},"end":{"line":34,"column":1}},"3":{"start":{"line":5,"column":4},"end":{"line":33,"column":5}},"4":{"start":{"line":6,"column":70},"end":{"line":6,"column":78}},"5":{"start":{"line":8,"column":29},"end":{"line":8,"column":57}},"6":{"start":{"line":9,"column":8},"end":{"line":9,"column":101}},"7":{"start":{"line":9,"column":26},"end":{"line":9,"column":101}},"8":{"start":{"line":11,"column":24},"end":{"line":20,"column":10}},"9":{"start":{"line":16,"column":41},"end":{"line":19,"column":13}},"10":{"start":{"line":22,"column":8},"end":{"line":22,"column":38}},"11":{"start":{"line":25,"column":8},"end":{"line":25,"column":63}},"12":{"start":{"line":27,"column":8},"end":{"line":30,"column":9}},"13":{"start":{"line":28,"column":29},"end":{"line":28,"column":80}},"14":{"start":{"line":28,"column":68},"end":{"line":28,"column":79}},"15":{"start":{"line":29,"column":12},"end":{"line":29,"column":62}},"16":{"start":{"line":32,"column":8},"end":{"line":32,"column":56}},"17":{"start":{"line":48,"column":20},"end":{"line":68,"column":1}},"18":{"start":{"line":49,"column":4},"end":{"line":67,"column":5}},"19":{"start":{"line":50,"column":21},"end":{"line":51,"column":55}},"20":{"start":{"line":53,"column":8},"end":{"line":55,"column":9}},"21":{"start":{"line":54,"column":12},"end":{"line":54,"column":69}},"22":{"start":{"line":57,"column":8},"end":{"line":57,"column":35}},"23":{"start":{"line":60,"column":8},"end":{"line":60,"column":47}},"24":{"start":{"line":62,"column":8},"end":{"line":64,"column":9}},"25":{"start":{"line":63,"column":12},"end":{"line":63,"column":70}},"26":{"start":{"line":66,"column":8},"end":{"line":66,"column":56}},"27":{"start":{"line":70,"column":20},"end":{"line":97,"column":1}},"28":{"start":{"line":71,"column":4},"end":{"line":96,"column":5}},"29":{"start":{"line":73,"column":33},"end":{"line":73,"column":42}},"30":{"start":{"line":75,"column":23},"end":{"line":75,"column":25}},"31":{"start":{"line":76,"column":28},"end":{"line":76,"column":30}},"32":{"start":{"line":78,"column":8},"end":{"line":80,"column":9}},"33":{"start":{"line":79,"column":12},"end":{"line":79,"column":58}},"34":{"start":{"line":82,"column":8},"end":{"line":85,"column":9}},"35":{"start":{"line":83,"column":31},"end":{"line":83,"column":58}},"36":{"start":{"line":84,"column":12},"end":{"line":84,"column":37}},"37":{"start":{"line":87,"column":22},"end":{"line":89,"column":49}},"38":{"start":{"line":91,"column":8},"end":{"line":91,"column":36}},"39":{"start":{"line":94,"column":8},"end":{"line":94,"column":68}},"40":{"start":{"line":95,"column":8},"end":{"line":95,"column":56}},"41":{"start":{"line":99,"column":19},"end":{"line":141,"column":1}},"42":{"start":{"line":100,"column":4},"end":{"line":140,"column":5}},"43":{"start":{"line":101,"column":24},"end":{"line":101,"column":45}},"44":{"start":{"line":102,"column":31},"end":{"line":102,"column":92}},"45":{"start":{"line":103,"column":33},"end":{"line":105,"column":9}},"46":{"start":{"line":104,"column":12},"end":{"line":104,"column":43}},"47":{"start":{"line":107,"column":8},"end":{"line":109,"column":9}},"48":{"start":{"line":108,"column":12},"end":{"line":108,"column":86}},"49":{"start":{"line":111,"column":21},"end":{"line":115,"column":36}},"50":{"start":{"line":117,"column":8},"end":{"line":119,"column":9}},"51":{"start":{"line":118,"column":12},"end":{"line":118,"column":69}},"52":{"start":{"line":121,"column":8},"end":{"line":121,"column":35}},"53":{"start":{"line":124,"column":8},"end":{"line":124,"column":61}},"54":{"start":{"line":126,"column":8},"end":{"line":128,"column":9}},"55":{"start":{"line":127,"column":12},"end":{"line":127,"column":70}},"56":{"start":{"line":130,"column":8},"end":{"line":133,"column":9}},"57":{"start":{"line":131,"column":29},"end":{"line":131,"column":80}},"58":{"start":{"line":131,"column":68},"end":{"line":131,"column":79}},"59":{"start":{"line":132,"column":12},"end":{"line":132,"column":62}},"60":{"start":{"line":135,"column":8},"end":{"line":137,"column":9}},"61":{"start":{"line":136,"column":12},"end":{"line":136,"column":87}},"62":{"start":{"line":139,"column":8},"end":{"line":139,"column":56}},"63":{"start":{"line":143,"column":19},"end":{"line":162,"column":1}},"64":{"start":{"line":144,"column":4},"end":{"line":161,"column":5}},"65":{"start":{"line":145,"column":21},"end":{"line":145,"column":64}},"66":{"start":{"line":147,"column":8},"end":{"line":149,"column":9}},"67":{"start":{"line":148,"column":12},"end":{"line":148,"column":69}},"68":{"start":{"line":151,"column":8},"end":{"line":151,"column":67}},"69":{"start":{"line":154,"column":8},"end":{"line":154,"column":63}},"70":{"start":{"line":156,"column":8},"end":{"line":158,"column":9}},"71":{"start":{"line":157,"column":12},"end":{"line":157,"column":70}},"72":{"start":{"line":160,"column":8},"end":{"line":160,"column":56}},"73":{"start":{"line":164,"column":0},"end":{"line":170,"column":2}}},"fnMap":{"0":{"name":"(anonymous_0)","decl":{"start":{"line":4,"column":19},"end":{"line":4,"column":20}},"loc":{"start":{"line":4,"column":39},"end":{"line":34,"column":1}},"line":4},"1":{"name":"(anonymous_1)","decl":{"start":{"line":16,"column":31},"end":{"line":16,"column":32}},"loc":{"start":{"line":16,"column":41},"end":{"line":19,"column":13}},"line":16},"2":{"name":"(anonymous_2)","decl":{"start":{"line":28,"column":61},"end":{"line":28,"column":62}},"loc":{"start":{"line":28,"column":68},"end":{"line":28,"column":79}},"line":28},"3":{"name":"(anonymous_3)","decl":{"start":{"line":48,"column":20},"end":{"line":48,"column":21}},"loc":{"start":{"line":48,"column":40},"end":{"line":68,"column":1}},"line":48},"4":{"name":"(anonymous_4)","decl":{"start":{"line":70,"column":20},"end":{"line":70,"column":21}},"loc":{"start":{"line":70,"column":40},"end":{"line":97,"column":1}},"line":70},"5":{"name":"(anonymous_5)","decl":{"start":{"line":99,"column":19},"end":{"line":99,"column":20}},"loc":{"start":{"line":99,"column":39},"end":{"line":141,"column":1}},"line":99},"6":{"name":"(anonymous_6)","decl":{"start":{"line":103,"column":47},"end":{"line":103,"column":48}},"loc":{"start":{"line":104,"column":12},"end":{"line":104,"column":43}},"line":104},"7":{"name":"(anonymous_7)","decl":{"start":{"line":131,"column":61},"end":{"line":131,"column":62}},"loc":{"start":{"line":131,"column":68},"end":{"line":131,"column":79}},"line":131},"8":{"name":"(anonymous_8)","decl":{"start":{"line":143,"column":19},"end":{"line":143,"column":20}},"loc":{"start":{"line":143,"column":39},"end":{"line":162,"column":1}},"line":143}},"branchMap":{"0":{"loc":{"start":{"line":9,"column":8},"end":{"line":9,"column":101}},"type":"if","locations":[{"start":{"line":9,"column":8},"end":{"line":9,"column":101}},{"start":{},"end":{}}],"line":9},"1":{"loc":{"start":{"line":27,"column":8},"end":{"line":30,"column":9}},"type":"if","locations":[{"start":{"line":27,"column":8},"end":{"line":30,"column":9}},{"start":{},"end":{}}],"line":27},"2":{"loc":{"start":{"line":53,"column":8},"end":{"line":55,"column":9}},"type":"if","locations":[{"start":{"line":53,"column":8},"end":{"line":55,"column":9}},{"start":{},"end":{}}],"line":53},"3":{"loc":{"start":{"line":62,"column":8},"end":{"line":64,"column":9}},"type":"if","locations":[{"start":{"line":62,"column":8},"end":{"line":64,"column":9}},{"start":{},"end":{}}],"line":62},"4":{"loc":{"start":{"line":78,"column":8},"end":{"line":80,"column":9}},"type":"if","locations":[{"start":{"line":78,"column":8},"end":{"line":80,"column":9}},{"start":{},"end":{}}],"line":78},"5":{"loc":{"start":{"line":82,"column":8},"end":{"line":85,"column":9}},"type":"if","locations":[{"start":{"line":82,"column":8},"end":{"line":85,"column":9}},{"start":{},"end":{}}],"line":82},"6":{"loc":{"start":{"line":107,"column":8},"end":{"line":109,"column":9}},"type":"if","locations":[{"start":{"line":107,"column":8},"end":{"line":109,"column":9}},{"start":{},"end":{}}],"line":107},"7":{"loc":{"start":{"line":117,"column":8},"end":{"line":119,"column":9}},"type":"if","locations":[{"start":{"line":117,"column":8},"end":{"line":119,"column":9}},{"start":{},"end":{}}],"line":117},"8":{"loc":{"start":{"line":126,"column":8},"end":{"line":128,"column":9}},"type":"if","locations":[{"start":{"line":126,"column":8},"end":{"line":128,"column":9}},{"start":{},"end":{}}],"line":126},"9":{"loc":{"start":{"line":130,"column":8},"end":{"line":133,"column":9}},"type":"if","locations":[{"start":{"line":130,"column":8},"end":{"line":133,"column":9}},{"start":{},"end":{}}],"line":130},"10":{"loc":{"start":{"line":135,"column":8},"end":{"line":137,"column":9}},"type":"if","locations":[{"start":{"line":135,"column":8},"end":{"line":137,"column":9}},{"start":{},"end":{}}],"line":135},"11":{"loc":{"start":{"line":147,"column":8},"end":{"line":149,"column":9}},"type":"if","locations":[{"start":{"line":147,"column":8},"end":{"line":149,"column":9}},{"start":{},"end":{}}],"line":147},"12":{"loc":{"start":{"line":156,"column":8},"end":{"line":158,"column":9}},"type":"if","locations":[{"start":{"line":156,"column":8},"end":{"line":158,"column":9}},{"start":{},"end":{}}],"line":156}},"s":{"0":3,"1":3,"2":3,"3":0,"4":0,"5":0,"6":0,"7":0,"8":0,"9":0,"10":0,"11":0,"12":0,"13":0,"14":0,"15":0,"16":0,"17":3,"18":0,"19":0,"20":0,"21":0,"22":0,"23":0,"24":0,"25":0,"26":0,"27":3,"28":0,"29":0,"30":0,"31":0,"32":0,"33":0,"34":0,"35":0,"36":0,"37":0,"38":0,"39":0,"40":0,"41":3,"42":0,"43":0,"44":0,"45":0,"46":0,"47":0,"48":0,"49":0,"50":0,"51":0,"52":0,"53":0,"54":0,"55":0,"56":0,"57":0,"58":0,"59":0,"60":0,"61":0,"62":0,"63":3,"64":0,"65":0,"66":0,"67":0,"68":0,"69":0,"70":0,"71":0,"72":0,"73":3},"f":{"0":0,"1":0,"2":0,"3":0,"4":0,"5":0,"6":0,"7":0,"8":0},"b":{"0":[0,0],"1":[0,0],"2":[0,0],"3":[0,0],"4":[0,0],"5":[0,0],"6":[0,0],"7":[0,0],"8":[0,0],"9":[0,0],"10":[0,0],"11":[0,0],"12":[0,0]},"_coverageSchema":"1a1c01bbd47fc00a2c39e90264f33305004495a9","hash":"dbf05b49a12f87002a849f961d151ab8aeceb6f8"}
,"D:\\_HTBO\\HTBO\\backend\\src\\controllers\\groupController.js": {"path":"D:\\_HTBO\\HTBO\\backend\\src\\controllers\\groupController.js","statementMap":{"0":{"start":{"line":1,"column":17},"end":{"line":1,"column":36}},"1":{"start":{"line":2,"column":14},"end":{"line":2,"column":40}},"2":{"start":{"line":3,"column":13},"end":{"line":3,"column":38}},"3":{"start":{"line":5,"column":20},"end":{"line":66,"column":1}},"4":{"start":{"line":6,"column":4},"end":{"line":65,"column":5}},"5":{"start":{"line":7,"column":56},"end":{"line":7,"column":64}},"6":{"start":{"line":8,"column":30},"end":{"line":8,"column":59}},"7":{"start":{"line":9,"column":8},"end":{"line":9,"column":103}},"8":{"start":{"line":9,"column":27},"end":{"line":9,"column":103}},"9":{"start":{"line":10,"column":8},"end":{"line":10,"column":114}},"10":{"start":{"line":10,"column":55},"end":{"line":10,"column":114}},"11":{"start":{"line":11,"column":22},"end":{"line":11,"column":50}},"12":{"start":{"line":12,"column":8},"end":{"line":12,"column":78}},"13":{"start":{"line":12,"column":20},"end":{"line":12,"column":78}},"14":{"start":{"line":13,"column":8},"end":{"line":24,"column":9}},"15":{"start":{"line":14,"column":12},"end":{"line":16,"column":13}},"16":{"start":{"line":15,"column":16},"end":{"line":15,"column":91}},"17":{"start":{"line":17,"column":12},"end":{"line":19,"column":13}},"18":{"start":{"line":18,"column":16},"end":{"line":18,"column":83}},"19":{"start":{"line":20,"column":31},"end":{"line":20,"column":69}},"20":{"start":{"line":21,"column":12},"end":{"line":23,"column":13}},"21":{"start":{"line":22,"column":16},"end":{"line":22,"column":84}},"22":{"start":{"line":27,"column":25},"end":{"line":35,"column":10}},"23":{"start":{"line":31,"column":44},"end":{"line":34,"column":13}},"24":{"start":{"line":36,"column":24},"end":{"line":45,"column":11}},"25":{"start":{"line":36,"column":42},"end":{"line":45,"column":9}},"26":{"start":{"line":46,"column":8},"end":{"line":55,"column":11}},"27":{"start":{"line":56,"column":8},"end":{"line":56,"column":38}},"28":{"start":{"line":57,"column":8},"end":{"line":57,"column":39}},"29":{"start":{"line":59,"column":8},"end":{"line":59,"column":63}},"30":{"start":{"line":60,"column":8},"end":{"line":63,"column":9}},"31":{"start":{"line":61,"column":29},"end":{"line":61,"column":80}},"32":{"start":{"line":61,"column":68},"end":{"line":61,"column":79}},"33":{"start":{"line":62,"column":12},"end":{"line":62,"column":62}},"34":{"start":{"line":64,"column":8},"end":{"line":64,"column":56}},"35":{"start":{"line":68,"column":21},"end":{"line":76,"column":1}},"36":{"start":{"line":69,"column":4},"end":{"line":75,"column":5}},"37":{"start":{"line":70,"column":22},"end":{"line":70,"column":40}},"38":{"start":{"line":71,"column":8},"end":{"line":71,"column":36}},"39":{"start":{"line":73,"column":8},"end":{"line":73,"column":68}},"40":{"start":{"line":74,"column":8},"end":{"line":74,"column":56}},"41":{"start":{"line":78,"column":21},"end":{"line":89,"column":1}},"42":{"start":{"line":79,"column":4},"end":{"line":88,"column":5}},"43":{"start":{"line":80,"column":22},"end":{"line":80,"column":57}},"44":{"start":{"line":82,"column":8},"end":{"line":82,"column":78}},"45":{"start":{"line":82,"column":20},"end":{"line":82,"column":78}},"46":{"start":{"line":83,"column":8},"end":{"line":83,"column":36}},"47":{"start":{"line":85,"column":8},"end":{"line":85,"column":37}},"48":{"start":{"line":86,"column":8},"end":{"line":86,"column":108}},"49":{"start":{"line":86,"column":40},"end":{"line":86,"column":108}},"50":{"start":{"line":87,"column":8},"end":{"line":87,"column":56}},"51":{"start":{"line":91,"column":20},"end":{"line":158,"column":1}},"52":{"start":{"line":92,"column":4},"end":{"line":157,"column":5}},"53":{"start":{"line":93,"column":22},"end":{"line":93,"column":57}},"54":{"start":{"line":94,"column":8},"end":{"line":94,"column":78}},"55":{"start":{"line":94,"column":20},"end":{"line":94,"column":78}},"56":{"start":{"line":96,"column":8},"end":{"line":144,"column":9}},"57":{"start":{"line":103,"column":33},"end":{"line":103,"column":51}},"58":{"start":{"line":104,"column":12},"end":{"line":105,"column":74}},"59":{"start":{"line":105,"column":16},"end":{"line":105,"column":74}},"60":{"start":{"line":106,"column":12},"end":{"line":107,"column":83}},"61":{"start":{"line":107,"column":16},"end":{"line":107,"column":83}},"62":{"start":{"line":108,"column":12},"end":{"line":109,"column":80}},"63":{"start":{"line":108,"column":40},"end":{"line":108,"column":85}},"64":{"start":{"line":109,"column":16},"end":{"line":109,"column":80}},"65":{"start":{"line":110,"column":12},"end":{"line":110,"column":64}},"66":{"start":{"line":111,"column":12},"end":{"line":111,"column":31}},"67":{"start":{"line":113,"column":12},"end":{"line":116,"column":14}},"68":{"start":{"line":119,"column":12},"end":{"line":119,"column":35}},"69":{"start":{"line":121,"column":15},"end":{"line":144,"column":9}},"70":{"start":{"line":128,"column":26},"end":{"line":128,"column":61}},"71":{"start":{"line":129,"column":33},"end":{"line":129,"column":54}},"72":{"start":{"line":130,"column":12},"end":{"line":131,"column":76}},"73":{"start":{"line":131,"column":16},"end":{"line":131,"column":76}},"74":{"start":{"line":132,"column":12},"end":{"line":133,"column":76}},"75":{"start":{"line":132,"column":41},"end":{"line":132,"column":86}},"76":{"start":{"line":133,"column":16},"end":{"line":133,"column":76}},"77":{"start":{"line":134,"column":12},"end":{"line":134,"column":58}},"78":{"start":{"line":135,"column":12},"end":{"line":135,"column":31}},"79":{"start":{"line":136,"column":12},"end":{"line":136,"column":90}},"80":{"start":{"line":137,"column":12},"end":{"line":137,"column":35}},"81":{"start":{"line":139,"column":35},"end":{"line":139,"column":75}},"82":{"start":{"line":140,"column":28},"end":{"line":140,"column":99}},"83":{"start":{"line":140,"column":67},"end":{"line":140,"column":98}},"84":{"start":{"line":141,"column":12},"end":{"line":141,"column":74}},"85":{"start":{"line":141,"column":38},"end":{"line":141,"column":72}},"86":{"start":{"line":142,"column":12},"end":{"line":142,"column":33}},"87":{"start":{"line":143,"column":12},"end":{"line":143,"column":37}},"88":{"start":{"line":146,"column":8},"end":{"line":146,"column":37}},"89":{"start":{"line":147,"column":8},"end":{"line":148,"column":77}},"90":{"start":{"line":148,"column":12},"end":{"line":148,"column":77}},"91":{"start":{"line":149,"column":8},"end":{"line":150,"column":66}},"92":{"start":{"line":150,"column":12},"end":{"line":150,"column":66}},"93":{"start":{"line":151,"column":8},"end":{"line":154,"column":9}},"94":{"start":{"line":152,"column":26},"end":{"line":152,"column":58}},"95":{"start":{"line":153,"column":12},"end":{"line":153,"column":78}},"96":{"start":{"line":156,"column":8},"end":{"line":156,"column":56}},"97":{"start":{"line":161,"column":20},"end":{"line":181,"column":1}},"98":{"start":{"line":162,"column":4},"end":{"line":180,"column":5}},"99":{"start":{"line":163,"column":22},"end":{"line":163,"column":66}},"100":{"start":{"line":164,"column":8},"end":{"line":164,"column":80}},"101":{"start":{"line":164,"column":20},"end":{"line":164,"column":80}},"102":{"start":{"line":165,"column":24},"end":{"line":169,"column":59}},"103":{"start":{"line":167,"column":38},"end":{"line":167,"column":44}},"104":{"start":{"line":169,"column":12},"end":{"line":169,"column":58}},"105":{"start":{"line":169,"column":32},"end":{"line":169,"column":47}},"106":{"start":{"line":170,"column":8},"end":{"line":173,"column":10}},"107":{"start":{"line":174,"column":8},"end":{"line":174,"column":72}},"108":{"start":{"line":176,"column":8},"end":{"line":179,"column":11}},"109":{"start":{"line":185,"column":0},"end":{"line":191,"column":1}}},"fnMap":{"0":{"name":"(anonymous_0)","decl":{"start":{"line":5,"column":20},"end":{"line":5,"column":21}},"loc":{"start":{"line":5,"column":40},"end":{"line":66,"column":1}},"line":5},"1":{"name":"(anonymous_1)","decl":{"start":{"line":31,"column":33},"end":{"line":31,"column":34}},"loc":{"start":{"line":31,"column":44},"end":{"line":34,"column":13}},"line":31},"2":{"name":"(anonymous_2)","decl":{"start":{"line":36,"column":36},"end":{"line":36,"column":37}},"loc":{"start":{"line":36,"column":42},"end":{"line":45,"column":9}},"line":36},"3":{"name":"(anonymous_3)","decl":{"start":{"line":61,"column":61},"end":{"line":61,"column":62}},"loc":{"start":{"line":61,"column":68},"end":{"line":61,"column":79}},"line":61},"4":{"name":"(anonymous_4)","decl":{"start":{"line":68,"column":21},"end":{"line":68,"column":22}},"loc":{"start":{"line":68,"column":41},"end":{"line":76,"column":1}},"line":68},"5":{"name":"(anonymous_5)","decl":{"start":{"line":78,"column":21},"end":{"line":78,"column":22}},"loc":{"start":{"line":78,"column":39},"end":{"line":89,"column":1}},"line":78},"6":{"name":"(anonymous_6)","decl":{"start":{"line":91,"column":20},"end":{"line":91,"column":21}},"loc":{"start":{"line":91,"column":40},"end":{"line":158,"column":1}},"line":91},"7":{"name":"(anonymous_7)","decl":{"start":{"line":108,"column":35},"end":{"line":108,"column":36}},"loc":{"start":{"line":108,"column":40},"end":{"line":108,"column":85}},"line":108},"8":{"name":"(anonymous_8)","decl":{"start":{"line":132,"column":36},"end":{"line":132,"column":37}},"loc":{"start":{"line":132,"column":41},"end":{"line":132,"column":86}},"line":132},"9":{"name":"(anonymous_9)","decl":{"start":{"line":140,"column":57},"end":{"line":140,"column":58}},"loc":{"start":{"line":140,"column":67},"end":{"line":140,"column":98}},"line":140},"10":{"name":"(anonymous_10)","decl":{"start":{"line":141,"column":28},"end":{"line":141,"column":29}},"loc":{"start":{"line":141,"column":38},"end":{"line":141,"column":72}},"line":141},"11":{"name":"(anonymous_11)","decl":{"start":{"line":161,"column":20},"end":{"line":161,"column":21}},"loc":{"start":{"line":161,"column":40},"end":{"line":181,"column":1}},"line":161},"12":{"name":"(anonymous_12)","decl":{"start":{"line":167,"column":33},"end":{"line":167,"column":34}},"loc":{"start":{"line":167,"column":38},"end":{"line":167,"column":44}},"line":167},"13":{"name":"(anonymous_13)","decl":{"start":{"line":168,"column":17},"end":{"line":168,"column":18}},"loc":{"start":{"line":169,"column":12},"end":{"line":169,"column":58}},"line":169},"14":{"name":"(anonymous_14)","decl":{"start":{"line":169,"column":27},"end":{"line":169,"column":28}},"loc":{"start":{"line":169,"column":32},"end":{"line":169,"column":47}},"line":169}},"branchMap":{"0":{"loc":{"start":{"line":9,"column":8},"end":{"line":9,"column":103}},"type":"if","locations":[{"start":{"line":9,"column":8},"end":{"line":9,"column":103}},{"start":{},"end":{}}],"line":9},"1":{"loc":{"start":{"line":10,"column":8},"end":{"line":10,"column":114}},"type":"if","locations":[{"start":{"line":10,"column":8},"end":{"line":10,"column":114}},{"start":{},"end":{}}],"line":10},"2":{"loc":{"start":{"line":12,"column":8},"end":{"line":12,"column":78}},"type":"if","locations":[{"start":{"line":12,"column":8},"end":{"line":12,"column":78}},{"start":{},"end":{}}],"line":12},"3":{"loc":{"start":{"line":14,"column":12},"end":{"line":16,"column":13}},"type":"if","locations":[{"start":{"line":14,"column":12},"end":{"line":16,"column":13}},{"start":{},"end":{}}],"line":14},"4":{"loc":{"start":{"line":17,"column":12},"end":{"line":19,"column":13}},"type":"if","locations":[{"start":{"line":17,"column":12},"end":{"line":19,"column":13}},{"start":{},"end":{}}],"line":17},"5":{"loc":{"start":{"line":21,"column":12},"end":{"line":23,"column":13}},"type":"if","locations":[{"start":{"line":21,"column":12},"end":{"line":23,"column":13}},{"start":{},"end":{}}],"line":21},"6":{"loc":{"start":{"line":60,"column":8},"end":{"line":63,"column":9}},"type":"if","locations":[{"start":{"line":60,"column":8},"end":{"line":63,"column":9}},{"start":{},"end":{}}],"line":60},"7":{"loc":{"start":{"line":82,"column":8},"end":{"line":82,"column":78}},"type":"if","locations":[{"start":{"line":82,"column":8},"end":{"line":82,"column":78}},{"start":{},"end":{}}],"line":82},"8":{"loc":{"start":{"line":86,"column":8},"end":{"line":86,"column":108}},"type":"if","locations":[{"start":{"line":86,"column":8},"end":{"line":86,"column":108}},{"start":{},"end":{}}],"line":86},"9":{"loc":{"start":{"line":94,"column":8},"end":{"line":94,"column":78}},"type":"if","locations":[{"start":{"line":94,"column":8},"end":{"line":94,"column":78}},{"start":{},"end":{}}],"line":94},"10":{"loc":{"start":{"line":96,"column":8},"end":{"line":144,"column":9}},"type":"if","locations":[{"start":{"line":96,"column":8},"end":{"line":144,"column":9}},{"start":{"line":121,"column":15},"end":{"line":144,"column":9}}],"line":96},"11":{"loc":{"start":{"line":104,"column":12},"end":{"line":105,"column":74}},"type":"if","locations":[{"start":{"line":104,"column":12},"end":{"line":105,"column":74}},{"start":{},"end":{}}],"line":104},"12":{"loc":{"start":{"line":106,"column":12},"end":{"line":107,"column":83}},"type":"if","locations":[{"start":{"line":106,"column":12},"end":{"line":107,"column":83}},{"start":{},"end":{}}],"line":106},"13":{"loc":{"start":{"line":108,"column":12},"end":{"line":109,"column":80}},"type":"if","locations":[{"start":{"line":108,"column":12},"end":{"line":109,"column":80}},{"start":{},"end":{}}],"line":108},"14":{"loc":{"start":{"line":121,"column":15},"end":{"line":144,"column":9}},"type":"if","locations":[{"start":{"line":121,"column":15},"end":{"line":144,"column":9}},{"start":{"line":138,"column":15},"end":{"line":144,"column":9}}],"line":121},"15":{"loc":{"start":{"line":130,"column":12},"end":{"line":131,"column":76}},"type":"if","locations":[{"start":{"line":130,"column":12},"end":{"line":131,"column":76}},{"start":{},"end":{}}],"line":130},"16":{"loc":{"start":{"line":132,"column":12},"end":{"line":133,"column":76}},"type":"if","locations":[{"start":{"line":132,"column":12},"end":{"line":133,"column":76}},{"start":{},"end":{}}],"line":132},"17":{"loc":{"start":{"line":147,"column":8},"end":{"line":148,"column":77}},"type":"if","locations":[{"start":{"line":147,"column":8},"end":{"line":148,"column":77}},{"start":{},"end":{}}],"line":147},"18":{"loc":{"start":{"line":149,"column":8},"end":{"line":150,"column":66}},"type":"if","locations":[{"start":{"line":149,"column":8},"end":{"line":150,"column":66}},{"start":{},"end":{}}],"line":149},"19":{"loc":{"start":{"line":151,"column":8},"end":{"line":154,"column":9}},"type":"if","locations":[{"start":{"line":151,"column":8},"end":{"line":154,"column":9}},{"start":{},"end":{}}],"line":151},"20":{"loc":{"start":{"line":164,"column":8},"end":{"line":164,"column":80}},"type":"if","locations":[{"start":{"line":164,"column":8},"end":{"line":164,"column":80}},{"start":{},"end":{}}],"line":164}},"s":{"0":3,"1":3,"2":3,"3":3,"4":0,"5":0,"6":0,"7":0,"8":0,"9":0,"10":0,"11":0,"12":0,"13":0,"14":0,"15":0,"16":0,"17":0,"18":0,"19":0,"20":0,"21":0,"22":0,"23":0,"24":0,"25":0,"26":0,"27":0,"28":0,"29":0,"30":0,"31":0,"32":0,"33":0,"34":0,"35":3,"36":0,"37":0,"38":0,"39":0,"40":0,"41":3,"42":0,"43":0,"44":0,"45":0,"46":0,"47":0,"48":0,"49":0,"50":0,"51":3,"52":0,"53":0,"54":0,"55":0,"56":0,"57":0,"58":0,"59":0,"60":0,"61":0,"62":0,"63":0,"64":0,"65":0,"66":0,"67":0,"68":0,"69":0,"70":0,"71":0,"72":0,"73":0,"74":0,"75":0,"76":0,"77":0,"78":0,"79":0,"80":0,"81":0,"82":0,"83":0,"84":0,"85":0,"86":0,"87":0,"88":0,"89":0,"90":0,"91":0,"92":0,"93":0,"94":0,"95":0,"96":0,"97":3,"98":0,"99":0,"100":0,"101":0,"102":0,"103":0,"104":0,"105":0,"106":0,"107":0,"108":0,"109":3},"f":{"0":0,"1":0,"2":0,"3":0,"4":0,"5":0,"6":0,"7":0,"8":0,"9":0,"10":0,"11":0,"12":0,"13":0,"14":0},"b":{"0":[0,0],"1":[0,0],"2":[0,0],"3":[0,0],"4":[0,0],"5":[0,0],"6":[0,0],"7":[0,0],"8":[0,0],"9":[0,0],"10":[0,0],"11":[0,0],"12":[0,0],"13":[0,0],"14":[0,0],"15":[0,0],"16":[0,0],"17":[0,0],"18":[0,0],"19":[0,0],"20":[0,0]},"_coverageSchema":"1a1c01bbd47fc00a2c39e90264f33305004495a9","hash":"8547286b4889220e61e36e4354b09181cdc894be"}
,"D:\\_HTBO\\HTBO\\backend\\src\\controllers\\sessionController.js": {"path":"D:\\_HTBO\\HTBO\\backend\\src\\controllers\\sessionController.js","statementMap":{"0":{"start":{"line":1,"column":17},"end":{"line":1,"column":36}},"1":{"start":{"line":2,"column":16},"end":{"line":2,"column":44}},"2":{"start":{"line":3,"column":13},"end":{"line":3,"column":38}},"3":{"start":{"line":5,"column":22},"end":{"line":87,"column":1}},"4":{"start":{"line":6,"column":4},"end":{"line":86,"column":5}},"5":{"start":{"line":7,"column":91},"end":{"line":7,"column":99}},"6":{"start":{"line":10,"column":8},"end":{"line":12,"column":9}},"7":{"start":{"line":11,"column":12},"end":{"line":11,"column":70}},"8":{"start":{"line":14,"column":21},"end":{"line":14,"column":48}},"9":{"start":{"line":15,"column":8},"end":{"line":17,"column":9}},"10":{"start":{"line":16,"column":12},"end":{"line":16,"column":69}},"11":{"start":{"line":21,"column":32},"end":{"line":21,"column":65}},"12":{"start":{"line":22,"column":8},"end":{"line":24,"column":9}},"13":{"start":{"line":23,"column":12},"end":{"line":23,"column":81}},"14":{"start":{"line":26,"column":29},"end":{"line":29,"column":11}},"15":{"start":{"line":26,"column":55},"end":{"line":29,"column":9}},"16":{"start":{"line":31,"column":8},"end":{"line":42,"column":9}},"17":{"start":{"line":32,"column":12},"end":{"line":34,"column":13}},"18":{"start":{"line":33,"column":16},"end":{"line":33,"column":92}},"19":{"start":{"line":35,"column":12},"end":{"line":37,"column":13}},"20":{"start":{"line":36,"column":16},"end":{"line":36,"column":87}},"21":{"start":{"line":38,"column":31},"end":{"line":38,"column":65}},"22":{"start":{"line":39,"column":12},"end":{"line":41,"column":13}},"23":{"start":{"line":40,"column":16},"end":{"line":40,"column":84}},"24":{"start":{"line":45,"column":27},"end":{"line":51,"column":10}},"25":{"start":{"line":53,"column":24},"end":{"line":62,"column":11}},"26":{"start":{"line":53,"column":47},"end":{"line":62,"column":9}},"27":{"start":{"line":63,"column":8},"end":{"line":72,"column":11}},"28":{"start":{"line":73,"column":8},"end":{"line":73,"column":38}},"29":{"start":{"line":75,"column":8},"end":{"line":75,"column":41}},"30":{"start":{"line":78,"column":8},"end":{"line":78,"column":71}},"31":{"start":{"line":80,"column":8},"end":{"line":83,"column":9}},"32":{"start":{"line":81,"column":29},"end":{"line":81,"column":80}},"33":{"start":{"line":81,"column":68},"end":{"line":81,"column":79}},"34":{"start":{"line":82,"column":12},"end":{"line":82,"column":62}},"35":{"start":{"line":85,"column":8},"end":{"line":85,"column":56}},"36":{"start":{"line":89,"column":23},"end":{"line":97,"column":1}},"37":{"start":{"line":90,"column":4},"end":{"line":96,"column":5}},"38":{"start":{"line":91,"column":24},"end":{"line":91,"column":44}},"39":{"start":{"line":92,"column":8},"end":{"line":92,"column":38}},"40":{"start":{"line":94,"column":8},"end":{"line":94,"column":68}},"41":{"start":{"line":95,"column":8},"end":{"line":95,"column":56}},"42":{"start":{"line":99,"column":23},"end":{"line":109,"column":1}},"43":{"start":{"line":100,"column":4},"end":{"line":108,"column":5}},"44":{"start":{"line":101,"column":24},"end":{"line":101,"column":61}},"45":{"start":{"line":102,"column":8},"end":{"line":102,"column":82}},"46":{"start":{"line":102,"column":22},"end":{"line":102,"column":82}},"47":{"start":{"line":103,"column":8},"end":{"line":103,"column":38}},"48":{"start":{"line":105,"column":8},"end":{"line":105,"column":37}},"49":{"start":{"line":106,"column":8},"end":{"line":106,"column":108}},"50":{"start":{"line":106,"column":40},"end":{"line":106,"column":108}},"51":{"start":{"line":107,"column":8},"end":{"line":107,"column":56}},"52":{"start":{"line":111,"column":22},"end":{"line":164,"column":1}},"53":{"start":{"line":112,"column":4},"end":{"line":163,"column":5}},"54":{"start":{"line":113,"column":24},"end":{"line":113,"column":61}},"55":{"start":{"line":114,"column":8},"end":{"line":114,"column":82}},"56":{"start":{"line":114,"column":22},"end":{"line":114,"column":82}},"57":{"start":{"line":116,"column":8},"end":{"line":150,"column":9}},"58":{"start":{"line":117,"column":29},"end":{"line":117,"column":52}},"59":{"start":{"line":118,"column":12},"end":{"line":119,"column":74}},"60":{"start":{"line":119,"column":16},"end":{"line":119,"column":74}},"61":{"start":{"line":120,"column":12},"end":{"line":121,"column":87}},"62":{"start":{"line":121,"column":16},"end":{"line":121,"column":87}},"63":{"start":{"line":122,"column":12},"end":{"line":123,"column":85}},"64":{"start":{"line":122,"column":47},"end":{"line":122,"column":84}},"65":{"start":{"line":123,"column":16},"end":{"line":123,"column":85}},"66":{"start":{"line":124,"column":12},"end":{"line":124,"column":67}},"67":{"start":{"line":125,"column":12},"end":{"line":125,"column":33}},"68":{"start":{"line":127,"column":12},"end":{"line":130,"column":14}},"69":{"start":{"line":131,"column":12},"end":{"line":131,"column":37}},"70":{"start":{"line":133,"column":15},"end":{"line":150,"column":9}},"71":{"start":{"line":134,"column":28},"end":{"line":134,"column":65}},"72":{"start":{"line":135,"column":29},"end":{"line":135,"column":55}},"73":{"start":{"line":136,"column":12},"end":{"line":137,"column":74}},"74":{"start":{"line":137,"column":16},"end":{"line":137,"column":74}},"75":{"start":{"line":138,"column":12},"end":{"line":139,"column":81}},"76":{"start":{"line":138,"column":48},"end":{"line":138,"column":85}},"77":{"start":{"line":139,"column":16},"end":{"line":139,"column":81}},"78":{"start":{"line":140,"column":12},"end":{"line":140,"column":57}},"79":{"start":{"line":141,"column":12},"end":{"line":141,"column":33}},"80":{"start":{"line":142,"column":12},"end":{"line":142,"column":92}},"81":{"start":{"line":143,"column":12},"end":{"line":143,"column":37}},"82":{"start":{"line":145,"column":35},"end":{"line":145,"column":75}},"83":{"start":{"line":146,"column":28},"end":{"line":146,"column":99}},"84":{"start":{"line":146,"column":67},"end":{"line":146,"column":98}},"85":{"start":{"line":147,"column":12},"end":{"line":147,"column":74}},"86":{"start":{"line":147,"column":38},"end":{"line":147,"column":72}},"87":{"start":{"line":148,"column":12},"end":{"line":148,"column":33}},"88":{"start":{"line":149,"column":12},"end":{"line":149,"column":37}},"89":{"start":{"line":152,"column":8},"end":{"line":152,"column":37}},"90":{"start":{"line":153,"column":8},"end":{"line":154,"column":77}},"91":{"start":{"line":154,"column":12},"end":{"line":154,"column":77}},"92":{"start":{"line":155,"column":8},"end":{"line":156,"column":66}},"93":{"start":{"line":156,"column":12},"end":{"line":156,"column":66}},"94":{"start":{"line":157,"column":8},"end":{"line":160,"column":9}},"95":{"start":{"line":158,"column":26},"end":{"line":158,"column":58}},"96":{"start":{"line":159,"column":12},"end":{"line":159,"column":78}},"97":{"start":{"line":162,"column":8},"end":{"line":162,"column":56}},"98":{"start":{"line":166,"column":22},"end":{"line":190,"column":1}},"99":{"start":{"line":167,"column":4},"end":{"line":189,"column":5}},"100":{"start":{"line":168,"column":24},"end":{"line":168,"column":70}},"101":{"start":{"line":170,"column":8},"end":{"line":170,"column":84}},"102":{"start":{"line":170,"column":22},"end":{"line":170,"column":84}},"103":{"start":{"line":172,"column":24},"end":{"line":176,"column":59}},"104":{"start":{"line":174,"column":45},"end":{"line":174,"column":51}},"105":{"start":{"line":176,"column":12},"end":{"line":176,"column":58}},"106":{"start":{"line":176,"column":32},"end":{"line":176,"column":47}},"107":{"start":{"line":178,"column":8},"end":{"line":181,"column":10}},"108":{"start":{"line":183,"column":8},"end":{"line":183,"column":74}},"109":{"start":{"line":185,"column":8},"end":{"line":188,"column":11}},"110":{"start":{"line":192,"column":0},"end":{"line":198,"column":1}}},"fnMap":{"0":{"name":"(anonymous_0)","decl":{"start":{"line":5,"column":22},"end":{"line":5,"column":23}},"loc":{"start":{"line":5,"column":42},"end":{"line":87,"column":1}},"line":5},"1":{"name":"(anonymous_1)","decl":{"start":{"line":26,"column":49},"end":{"line":26,"column":50}},"loc":{"start":{"line":26,"column":55},"end":{"line":29,"column":9}},"line":26},"2":{"name":"(anonymous_2)","decl":{"start":{"line":53,"column":41},"end":{"line":53,"column":42}},"loc":{"start":{"line":53,"column":47},"end":{"line":62,"column":9}},"line":53},"3":{"name":"(anonymous_3)","decl":{"start":{"line":81,"column":61},"end":{"line":81,"column":62}},"loc":{"start":{"line":81,"column":68},"end":{"line":81,"column":79}},"line":81},"4":{"name":"(anonymous_4)","decl":{"start":{"line":89,"column":23},"end":{"line":89,"column":24}},"loc":{"start":{"line":89,"column":43},"end":{"line":97,"column":1}},"line":89},"5":{"name":"(anonymous_5)","decl":{"start":{"line":99,"column":23},"end":{"line":99,"column":24}},"loc":{"start":{"line":99,"column":43},"end":{"line":109,"column":1}},"line":99},"6":{"name":"(anonymous_6)","decl":{"start":{"line":111,"column":22},"end":{"line":111,"column":23}},"loc":{"start":{"line":111,"column":42},"end":{"line":164,"column":1}},"line":111},"7":{"name":"(anonymous_7)","decl":{"start":{"line":122,"column":42},"end":{"line":122,"column":43}},"loc":{"start":{"line":122,"column":47},"end":{"line":122,"column":84}},"line":122},"8":{"name":"(anonymous_8)","decl":{"start":{"line":138,"column":43},"end":{"line":138,"column":44}},"loc":{"start":{"line":138,"column":48},"end":{"line":138,"column":85}},"line":138},"9":{"name":"(anonymous_9)","decl":{"start":{"line":146,"column":57},"end":{"line":146,"column":58}},"loc":{"start":{"line":146,"column":67},"end":{"line":146,"column":98}},"line":146},"10":{"name":"(anonymous_10)","decl":{"start":{"line":147,"column":28},"end":{"line":147,"column":29}},"loc":{"start":{"line":147,"column":38},"end":{"line":147,"column":72}},"line":147},"11":{"name":"(anonymous_11)","decl":{"start":{"line":166,"column":22},"end":{"line":166,"column":23}},"loc":{"start":{"line":166,"column":42},"end":{"line":190,"column":1}},"line":166},"12":{"name":"(anonymous_12)","decl":{"start":{"line":174,"column":40},"end":{"line":174,"column":41}},"loc":{"start":{"line":174,"column":45},"end":{"line":174,"column":51}},"line":174},"13":{"name":"(anonymous_13)","decl":{"start":{"line":175,"column":17},"end":{"line":175,"column":18}},"loc":{"start":{"line":176,"column":12},"end":{"line":176,"column":58}},"line":176},"14":{"name":"(anonymous_14)","decl":{"start":{"line":176,"column":27},"end":{"line":176,"column":28}},"loc":{"start":{"line":176,"column":32},"end":{"line":176,"column":47}},"line":176}},"branchMap":{"0":{"loc":{"start":{"line":10,"column":8},"end":{"line":12,"column":9}},"type":"if","locations":[{"start":{"line":10,"column":8},"end":{"line":12,"column":9}},{"start":{},"end":{}}],"line":10},"1":{"loc":{"start":{"line":15,"column":8},"end":{"line":17,"column":9}},"type":"if","locations":[{"start":{"line":15,"column":8},"end":{"line":17,"column":9}},{"start":{},"end":{}}],"line":15},"2":{"loc":{"start":{"line":22,"column":8},"end":{"line":24,"column":9}},"type":"if","locations":[{"start":{"line":22,"column":8},"end":{"line":24,"column":9}},{"start":{},"end":{}}],"line":22},"3":{"loc":{"start":{"line":32,"column":12},"end":{"line":34,"column":13}},"type":"if","locations":[{"start":{"line":32,"column":12},"end":{"line":34,"column":13}},{"start":{},"end":{}}],"line":32},"4":{"loc":{"start":{"line":35,"column":12},"end":{"line":37,"column":13}},"type":"if","locations":[{"start":{"line":35,"column":12},"end":{"line":37,"column":13}},{"start":{},"end":{}}],"line":35},"5":{"loc":{"start":{"line":39,"column":12},"end":{"line":41,"column":13}},"type":"if","locations":[{"start":{"line":39,"column":12},"end":{"line":41,"column":13}},{"start":{},"end":{}}],"line":39},"6":{"loc":{"start":{"line":80,"column":8},"end":{"line":83,"column":9}},"type":"if","locations":[{"start":{"line":80,"column":8},"end":{"line":83,"column":9}},{"start":{},"end":{}}],"line":80},"7":{"loc":{"start":{"line":102,"column":8},"end":{"line":102,"column":82}},"type":"if","locations":[{"start":{"line":102,"column":8},"end":{"line":102,"column":82}},{"start":{},"end":{}}],"line":102},"8":{"loc":{"start":{"line":106,"column":8},"end":{"line":106,"column":108}},"type":"if","locations":[{"start":{"line":106,"column":8},"end":{"line":106,"column":108}},{"start":{},"end":{}}],"line":106},"9":{"loc":{"start":{"line":114,"column":8},"end":{"line":114,"column":82}},"type":"if","locations":[{"start":{"line":114,"column":8},"end":{"line":114,"column":82}},{"start":{},"end":{}}],"line":114},"10":{"loc":{"start":{"line":116,"column":8},"end":{"line":150,"column":9}},"type":"if","locations":[{"start":{"line":116,"column":8},"end":{"line":150,"column":9}},{"start":{"line":133,"column":15},"end":{"line":150,"column":9}}],"line":116},"11":{"loc":{"start":{"line":118,"column":12},"end":{"line":119,"column":74}},"type":"if","locations":[{"start":{"line":118,"column":12},"end":{"line":119,"column":74}},{"start":{},"end":{}}],"line":118},"12":{"loc":{"start":{"line":120,"column":12},"end":{"line":121,"column":87}},"type":"if","locations":[{"start":{"line":120,"column":12},"end":{"line":121,"column":87}},{"start":{},"end":{}}],"line":120},"13":{"loc":{"start":{"line":122,"column":12},"end":{"line":123,"column":85}},"type":"if","locations":[{"start":{"line":122,"column":12},"end":{"line":123,"column":85}},{"start":{},"end":{}}],"line":122},"14":{"loc":{"start":{"line":133,"column":15},"end":{"line":150,"column":9}},"type":"if","locations":[{"start":{"line":133,"column":15},"end":{"line":150,"column":9}},{"start":{"line":144,"column":15},"end":{"line":150,"column":9}}],"line":133},"15":{"loc":{"start":{"line":136,"column":12},"end":{"line":137,"column":74}},"type":"if","locations":[{"start":{"line":136,"column":12},"end":{"line":137,"column":74}},{"start":{},"end":{}}],"line":136},"16":{"loc":{"start":{"line":138,"column":12},"end":{"line":139,"column":81}},"type":"if","locations":[{"start":{"line":138,"column":12},"end":{"line":139,"column":81}},{"start":{},"end":{}}],"line":138},"17":{"loc":{"start":{"line":153,"column":8},"end":{"line":154,"column":77}},"type":"if","locations":[{"start":{"line":153,"column":8},"end":{"line":154,"column":77}},{"start":{},"end":{}}],"line":153},"18":{"loc":{"start":{"line":155,"column":8},"end":{"line":156,"column":66}},"type":"if","locations":[{"start":{"line":155,"column":8},"end":{"line":156,"column":66}},{"start":{},"end":{}}],"line":155},"19":{"loc":{"start":{"line":157,"column":8},"end":{"line":160,"column":9}},"type":"if","locations":[{"start":{"line":157,"column":8},"end":{"line":160,"column":9}},{"start":{},"end":{}}],"line":157},"20":{"loc":{"start":{"line":170,"column":8},"end":{"line":170,"column":84}},"type":"if","locations":[{"start":{"line":170,"column":8},"end":{"line":170,"column":84}},{"start":{},"end":{}}],"line":170}},"s":{"0":3,"1":3,"2":3,"3":3,"4":0,"5":0,"6":0,"7":0,"8":0,"9":0,"10":0,"11":0,"12":0,"13":0,"14":0,"15":0,"16":0,"17":0,"18":0,"19":0,"20":0,"21":0,"22":0,"23":0,"24":0,"25":0,"26":0,"27":0,"28":0,"29":0,"30":0,"31":0,"32":0,"33":0,"34":0,"35":0,"36":3,"37":0,"38":0,"39":0,"40":0,"41":0,"42":3,"43":0,"44":0,"45":0,"46":0,"47":0,"48":0,"49":0,"50":0,"51":0,"52":3,"53":0,"54":0,"55":0,"56":0,"57":0,"58":0,"59":0,"60":0,"61":0,"62":0,"63":0,"64":0,"65":0,"66":0,"67":0,"68":0,"69":0,"70":0,"71":0,"72":0,"73":0,"74":0,"75":0,"76":0,"77":0,"78":0,"79":0,"80":0,"81":0,"82":0,"83":0,"84":0,"85":0,"86":0,"87":0,"88":0,"89":0,"90":0,"91":0,"92":0,"93":0,"94":0,"95":0,"96":0,"97":0,"98":3,"99":0,"100":0,"101":0,"102":0,"103":0,"104":0,"105":0,"106":0,"107":0,"108":0,"109":0,"110":3},"f":{"0":0,"1":0,"2":0,"3":0,"4":0,"5":0,"6":0,"7":0,"8":0,"9":0,"10":0,"11":0,"12":0,"13":0,"14":0},"b":{"0":[0,0],"1":[0,0],"2":[0,0],"3":[0,0],"4":[0,0],"5":[0,0],"6":[0,0],"7":[0,0],"8":[0,0],"9":[0,0],"10":[0,0],"11":[0,0],"12":[0,0],"13":[0,0],"14":[0,0],"15":[0,0],"16":[0,0],"17":[0,0],"18":[0,0],"19":[0,0],"20":[0,0]},"_coverageSchema":"1a1c01bbd47fc00a2c39e90264f33305004495a9","hash":"936bd9333b95b851dbdc2393e3ae2acaaf0ff0a8"}
,"D:\\_HTBO\\HTBO\\backend\\src\\controllers\\storeController.js": {"path":"D:\\_HTBO\\HTBO\\backend\\src\\controllers\\storeController.js","statementMap":{"0":{"start":{"line":2,"column":14},"end":{"line":2,"column":40}},"1":{"start":{"line":4,"column":20},"end":{"line":31,"column":1}},"2":{"start":{"line":5,"column":4},"end":{"line":30,"column":5}},"3":{"start":{"line":6,"column":43},"end":{"line":6,"column":51}},"4":{"start":{"line":8,"column":30},"end":{"line":8,"column":59}},"5":{"start":{"line":9,"column":8},"end":{"line":11,"column":9}},"6":{"start":{"line":10,"column":12},"end":{"line":10,"column":88}},"7":{"start":{"line":13,"column":25},"end":{"line":17,"column":10}},"8":{"start":{"line":19,"column":8},"end":{"line":19,"column":39}},"9":{"start":{"line":22,"column":8},"end":{"line":22,"column":63}},"10":{"start":{"line":24,"column":8},"end":{"line":27,"column":9}},"11":{"start":{"line":25,"column":29},"end":{"line":25,"column":80}},"12":{"start":{"line":25,"column":68},"end":{"line":25,"column":79}},"13":{"start":{"line":26,"column":12},"end":{"line":26,"column":62}},"14":{"start":{"line":29,"column":8},"end":{"line":29,"column":56}},"15":{"start":{"line":33,"column":21},"end":{"line":41,"column":1}},"16":{"start":{"line":34,"column":4},"end":{"line":40,"column":5}},"17":{"start":{"line":35,"column":23},"end":{"line":35,"column":41}},"18":{"start":{"line":36,"column":8},"end":{"line":36,"column":37}},"19":{"start":{"line":38,"column":8},"end":{"line":38,"column":68}},"20":{"start":{"line":39,"column":8},"end":{"line":39,"column":56}},"21":{"start":{"line":43,"column":20},"end":{"line":62,"column":1}},"22":{"start":{"line":44,"column":4},"end":{"line":61,"column":5}},"23":{"start":{"line":45,"column":22},"end":{"line":45,"column":66}},"24":{"start":{"line":46,"column":8},"end":{"line":46,"column":35}},"25":{"start":{"line":48,"column":8},"end":{"line":50,"column":9}},"26":{"start":{"line":49,"column":12},"end":{"line":49,"column":70}},"27":{"start":{"line":52,"column":8},"end":{"line":52,"column":72}},"28":{"start":{"line":54,"column":8},"end":{"line":54,"column":37}},"29":{"start":{"line":56,"column":8},"end":{"line":58,"column":9}},"30":{"start":{"line":57,"column":12},"end":{"line":57,"column":78}},"31":{"start":{"line":60,"column":8},"end":{"line":60,"column":56}},"32":{"start":{"line":65,"column":0},"end":{"line":69,"column":1}}},"fnMap":{"0":{"name":"(anonymous_0)","decl":{"start":{"line":4,"column":20},"end":{"line":4,"column":21}},"loc":{"start":{"line":4,"column":40},"end":{"line":31,"column":1}},"line":4},"1":{"name":"(anonymous_1)","decl":{"start":{"line":25,"column":61},"end":{"line":25,"column":62}},"loc":{"start":{"line":25,"column":68},"end":{"line":25,"column":79}},"line":25},"2":{"name":"(anonymous_2)","decl":{"start":{"line":33,"column":21},"end":{"line":33,"column":22}},"loc":{"start":{"line":33,"column":40},"end":{"line":41,"column":1}},"line":33},"3":{"name":"(anonymous_3)","decl":{"start":{"line":43,"column":20},"end":{"line":43,"column":21}},"loc":{"start":{"line":43,"column":40},"end":{"line":62,"column":1}},"line":43}},"branchMap":{"0":{"loc":{"start":{"line":9,"column":8},"end":{"line":11,"column":9}},"type":"if","locations":[{"start":{"line":9,"column":8},"end":{"line":11,"column":9}},{"start":{},"end":{}}],"line":9},"1":{"loc":{"start":{"line":24,"column":8},"end":{"line":27,"column":9}},"type":"if","locations":[{"start":{"line":24,"column":8},"end":{"line":27,"column":9}},{"start":{},"end":{}}],"line":24},"2":{"loc":{"start":{"line":48,"column":8},"end":{"line":50,"column":9}},"type":"if","locations":[{"start":{"line":48,"column":8},"end":{"line":50,"column":9}},{"start":{},"end":{}}],"line":48},"3":{"loc":{"start":{"line":56,"column":8},"end":{"line":58,"column":9}},"type":"if","locations":[{"start":{"line":56,"column":8},"end":{"line":58,"column":9}},{"start":{},"end":{}}],"line":56}},"s":{"0":3,"1":3,"2":0,"3":0,"4":0,"5":0,"6":0,"7":0,"8":0,"9":0,"10":0,"11":0,"12":0,"13":0,"14":0,"15":3,"16":0,"17":0,"18":0,"19":0,"20":0,"21":3,"22":0,"23":0,"24":0,"25":0,"26":0,"27":0,"28":0,"29":0,"30":0,"31":0,"32":3},"f":{"0":0,"1":0,"2":0,"3":0},"b":{"0":[0,0],"1":[0,0],"2":[0,0],"3":[0,0]},"_coverageSchema":"1a1c01bbd47fc00a2c39e90264f33305004495a9","hash":"1b325beb18352f4901b13ebd5d445515c0fefbfc"}
,"D:\\_HTBO\\HTBO\\backend\\src\\controllers\\userController.js": {"path":"D:\\_HTBO\\HTBO\\backend\\src\\controllers\\userController.js","statementMap":{"0":{"start":{"line":1,"column":13},"end":{"line":1,"column":38}},"1":{"start":{"line":2,"column":13},"end":{"line":2,"column":38}},"2":{"start":{"line":3,"column":16},"end":{"line":3,"column":44}},"3":{"start":{"line":4,"column":17},"end":{"line":4,"column":36}},"4":{"start":{"line":5,"column":15},"end":{"line":5,"column":34}},"5":{"start":{"line":6,"column":12},"end":{"line":6,"column":35}},"6":{"start":{"line":7,"column":29},"end":{"line":7,"column":57}},"7":{"start":{"line":8,"column":14},"end":{"line":8,"column":40}},"8":{"start":{"line":10,"column":22},"end":{"line":17,"column":1}},"9":{"start":{"line":11,"column":19},"end":{"line":11,"column":41}},"10":{"start":{"line":12,"column":4},"end":{"line":16,"column":5}},"11":{"start":{"line":19,"column":21},"end":{"line":54,"column":1}},"12":{"start":{"line":20,"column":19},"end":{"line":20,"column":40}},"13":{"start":{"line":21,"column":4},"end":{"line":21,"column":83}},"14":{"start":{"line":21,"column":27},"end":{"line":21,"column":83}},"15":{"start":{"line":22,"column":4},"end":{"line":53,"column":5}},"16":{"start":{"line":23,"column":46},"end":{"line":23,"column":54}},"17":{"start":{"line":25,"column":29},"end":{"line":25,"column":83}},"18":{"start":{"line":26,"column":8},"end":{"line":28,"column":14}},"19":{"start":{"line":26,"column":26},"end":{"line":28,"column":14}},"20":{"start":{"line":30,"column":21},"end":{"line":30,"column":45}},"21":{"start":{"line":31,"column":29},"end":{"line":31,"column":62}},"22":{"start":{"line":33,"column":24},"end":{"line":38,"column":10}},"23":{"start":{"line":40,"column":22},"end":{"line":40,"column":44}},"24":{"start":{"line":42,"column":8},"end":{"line":48,"column":11}},"25":{"start":{"line":50,"column":8},"end":{"line":50,"column":46}},"26":{"start":{"line":51,"column":8},"end":{"line":51,"column":56}},"27":{"start":{"line":56,"column":18},"end":{"line":82,"column":1}},"28":{"start":{"line":57,"column":4},"end":{"line":81,"column":5}},"29":{"start":{"line":58,"column":46},"end":{"line":58,"column":54}},"30":{"start":{"line":60,"column":8},"end":{"line":70,"column":9}},"31":{"start":{"line":61,"column":12},"end":{"line":61,"column":52}},"32":{"start":{"line":62,"column":12},"end":{"line":62,"column":110}},"33":{"start":{"line":62,"column":23},"end":{"line":62,"column":110}},"34":{"start":{"line":63,"column":12},"end":{"line":63,"column":29}},"35":{"start":{"line":64,"column":15},"end":{"line":70,"column":9}},"36":{"start":{"line":65,"column":12},"end":{"line":65,"column":49}},"37":{"start":{"line":66,"column":12},"end":{"line":66,"column":107}},"38":{"start":{"line":66,"column":23},"end":{"line":66,"column":107}},"39":{"start":{"line":67,"column":12},"end":{"line":67,"column":26}},"40":{"start":{"line":69,"column":12},"end":{"line":69,"column":97}},"41":{"start":{"line":72,"column":12},"end":{"line":72,"column":102}},"42":{"start":{"line":72,"column":26},"end":{"line":72,"column":102}},"43":{"start":{"line":73,"column":34},"end":{"line":73,"column":83}},"44":{"start":{"line":74,"column":12},"end":{"line":74,"column":120}},"45":{"start":{"line":74,"column":32},"end":{"line":74,"column":120}},"46":{"start":{"line":75,"column":12},"end":{"line":75,"column":40}},"47":{"start":{"line":76,"column":12},"end":{"line":76,"column":43}},"48":{"start":{"line":79,"column":8},"end":{"line":79,"column":51}},"49":{"start":{"line":80,"column":8},"end":{"line":80,"column":56}},"50":{"start":{"line":84,"column":20},"end":{"line":92,"column":1}},"51":{"start":{"line":85,"column":4},"end":{"line":91,"column":5}},"52":{"start":{"line":86,"column":22},"end":{"line":86,"column":39}},"53":{"start":{"line":87,"column":8},"end":{"line":87,"column":36}},"54":{"start":{"line":89,"column":8},"end":{"line":89,"column":35}},"55":{"start":{"line":90,"column":8},"end":{"line":90,"column":56}},"56":{"start":{"line":94,"column":20},"end":{"line":104,"column":1}},"57":{"start":{"line":95,"column":4},"end":{"line":103,"column":5}},"58":{"start":{"line":96,"column":21},"end":{"line":96,"column":55}},"59":{"start":{"line":97,"column":8},"end":{"line":97,"column":76}},"60":{"start":{"line":97,"column":19},"end":{"line":97,"column":76}},"61":{"start":{"line":98,"column":8},"end":{"line":98,"column":35}},"62":{"start":{"line":100,"column":8},"end":{"line":100,"column":37}},"63":{"start":{"line":101,"column":8},"end":{"line":101,"column":105}},"64":{"start":{"line":101,"column":40},"end":{"line":101,"column":105}},"65":{"start":{"line":102,"column":8},"end":{"line":102,"column":56}},"66":{"start":{"line":106,"column":26},"end":{"line":117,"column":1}},"67":{"start":{"line":107,"column":4},"end":{"line":116,"column":5}},"68":{"start":{"line":108,"column":29},"end":{"line":108,"column":39}},"69":{"start":{"line":109,"column":21},"end":{"line":109,"column":53}},"70":{"start":{"line":110,"column":8},"end":{"line":110,"column":76}},"71":{"start":{"line":110,"column":19},"end":{"line":110,"column":76}},"72":{"start":{"line":111,"column":8},"end":{"line":111,"column":38}},"73":{"start":{"line":113,"column":8},"end":{"line":113,"column":37}},"74":{"start":{"line":114,"column":8},"end":{"line":114,"column":105}},"75":{"start":{"line":114,"column":40},"end":{"line":114,"column":105}},"76":{"start":{"line":115,"column":8},"end":{"line":115,"column":56}},"77":{"start":{"line":119,"column":19},"end":{"line":255,"column":1}},"78":{"start":{"line":120,"column":4},"end":{"line":254,"column":5}},"79":{"start":{"line":121,"column":21},"end":{"line":121,"column":55}},"80":{"start":{"line":122,"column":8},"end":{"line":122,"column":76}},"81":{"start":{"line":122,"column":19},"end":{"line":122,"column":76}},"82":{"start":{"line":124,"column":8},"end":{"line":230,"column":9}},"83":{"start":{"line":125,"column":34},"end":{"line":125,"column":69}},"84":{"start":{"line":126,"column":49},"end":{"line":126,"column":70}},"85":{"start":{"line":128,"column":12},"end":{"line":129,"column":83}},"86":{"start":{"line":129,"column":16},"end":{"line":129,"column":83}},"87":{"start":{"line":132,"column":32},"end":{"line":132,"column":61}},"88":{"start":{"line":133,"column":12},"end":{"line":169,"column":13}},"89":{"start":{"line":135,"column":20},"end":{"line":136,"column":94}},"90":{"start":{"line":136,"column":24},"end":{"line":136,"column":94}},"91":{"start":{"line":137,"column":20},"end":{"line":138,"column":85}},"92":{"start":{"line":137,"column":47},"end":{"line":137,"column":89}},"93":{"start":{"line":138,"column":24},"end":{"line":138,"column":85}},"94":{"start":{"line":140,"column":20},"end":{"line":140,"column":51}},"95":{"start":{"line":141,"column":20},"end":{"line":141,"column":54}},"96":{"start":{"line":142,"column":20},"end":{"line":142,"column":26}},"97":{"start":{"line":146,"column":20},"end":{"line":146,"column":46}},"98":{"start":{"line":147,"column":20},"end":{"line":147,"column":53}},"99":{"start":{"line":149,"column":20},"end":{"line":149,"column":26}},"100":{"start":{"line":151,"column":35},"end":{"line":151,"column":94}},"101":{"start":{"line":151,"column":63},"end":{"line":151,"column":93}},"102":{"start":{"line":153,"column":36},"end":{"line":153,"column":107}},"103":{"start":{"line":153,"column":71},"end":{"line":153,"column":106}},"104":{"start":{"line":154,"column":20},"end":{"line":154,"column":92}},"105":{"start":{"line":154,"column":33},"end":{"line":154,"column":92}},"106":{"start":{"line":155,"column":20},"end":{"line":155,"column":114}},"107":{"start":{"line":155,"column":57},"end":{"line":155,"column":114}},"108":{"start":{"line":156,"column":20},"end":{"line":164,"column":21}},"109":{"start":{"line":157,"column":24},"end":{"line":157,"column":50}},"110":{"start":{"line":158,"column":24},"end":{"line":158,"column":57}},"111":{"start":{"line":160,"column":24},"end":{"line":160,"column":47}},"112":{"start":{"line":161,"column":24},"end":{"line":161,"column":48}},"113":{"start":{"line":162,"column":24},"end":{"line":162,"column":50}},"114":{"start":{"line":163,"column":24},"end":{"line":163,"column":57}},"115":{"start":{"line":165,"column":20},"end":{"line":165,"column":26}},"116":{"start":{"line":168,"column":20},"end":{"line":168,"column":84}},"117":{"start":{"line":170,"column":15},"end":{"line":230,"column":9}},"118":{"start":{"line":171,"column":39},"end":{"line":171,"column":58}},"119":{"start":{"line":172,"column":12},"end":{"line":173,"column":74}},"120":{"start":{"line":173,"column":16},"end":{"line":173,"column":74}},"121":{"start":{"line":174,"column":12},"end":{"line":198,"column":13}},"122":{"start":{"line":177,"column":20},"end":{"line":179,"column":21}},"123":{"start":{"line":177,"column":45},"end":{"line":177,"column":74}},"124":{"start":{"line":178,"column":24},"end":{"line":178,"column":93}},"125":{"start":{"line":180,"column":20},"end":{"line":180,"column":66}},"126":{"start":{"line":181,"column":20},"end":{"line":181,"column":26}},"127":{"start":{"line":185,"column":20},"end":{"line":191,"column":21}},"128":{"start":{"line":185,"column":46},"end":{"line":185,"column":75}},"129":{"start":{"line":186,"column":24},"end":{"line":186,"column":48}},"130":{"start":{"line":187,"column":24},"end":{"line":187,"column":50}},"131":{"start":{"line":190,"column":24},"end":{"line":190,"column":89}},"132":{"start":{"line":193,"column":20},"end":{"line":193,"column":69}},"133":{"start":{"line":194,"column":20},"end":{"line":194,"column":26}},"134":{"start":{"line":197,"column":20},"end":{"line":197,"column":82}},"135":{"start":{"line":199,"column":15},"end":{"line":230,"column":9}},"136":{"start":{"line":201,"column":42},"end":{"line":201,"column":64}},"137":{"start":{"line":202,"column":12},"end":{"line":203,"column":77}},"138":{"start":{"line":203,"column":16},"end":{"line":203,"column":77}},"139":{"start":{"line":204,"column":12},"end":{"line":216,"column":13}},"140":{"start":{"line":206,"column":20},"end":{"line":206,"column":56}},"141":{"start":{"line":207,"column":20},"end":{"line":207,"column":53}},"142":{"start":{"line":208,"column":20},"end":{"line":208,"column":26}},"143":{"start":{"line":210,"column":20},"end":{"line":210,"column":58}},"144":{"start":{"line":212,"column":20},"end":{"line":212,"column":56}},"145":{"start":{"line":213,"column":20},"end":{"line":213,"column":26}},"146":{"start":{"line":215,"column":20},"end":{"line":215,"column":26}},"147":{"start":{"line":218,"column":28},"end":{"line":218,"column":49}},"148":{"start":{"line":219,"column":35},"end":{"line":219,"column":56}},"149":{"start":{"line":220,"column":37},"end":{"line":222,"column":13}},"150":{"start":{"line":221,"column":16},"end":{"line":221,"column":47}},"151":{"start":{"line":224,"column":12},"end":{"line":226,"column":13}},"152":{"start":{"line":225,"column":16},"end":{"line":225,"column":75}},"153":{"start":{"line":228,"column":12},"end":{"line":228,"column":71}},"154":{"start":{"line":228,"column":38},"end":{"line":228,"column":69}},"155":{"start":{"line":229,"column":12},"end":{"line":229,"column":30}},"156":{"start":{"line":232,"column":28},"end":{"line":234,"column":61}},"157":{"start":{"line":236,"column":8},"end":{"line":236,"column":42}},"158":{"start":{"line":238,"column":8},"end":{"line":238,"column":37}},"159":{"start":{"line":240,"column":8},"end":{"line":242,"column":9}},"160":{"start":{"line":241,"column":12},"end":{"line":241,"column":77}},"161":{"start":{"line":244,"column":8},"end":{"line":246,"column":9}},"162":{"start":{"line":245,"column":12},"end":{"line":245,"column":66}},"163":{"start":{"line":248,"column":8},"end":{"line":251,"column":9}},"164":{"start":{"line":249,"column":26},"end":{"line":249,"column":58}},"165":{"start":{"line":250,"column":12},"end":{"line":250,"column":78}},"166":{"start":{"line":253,"column":8},"end":{"line":253,"column":56}},"167":{"start":{"line":257,"column":19},"end":{"line":328,"column":1}},"168":{"start":{"line":258,"column":4},"end":{"line":327,"column":5}},"169":{"start":{"line":259,"column":21},"end":{"line":259,"column":55}},"170":{"start":{"line":260,"column":8},"end":{"line":260,"column":76}},"171":{"start":{"line":260,"column":19},"end":{"line":260,"column":76}},"172":{"start":{"line":262,"column":20},"end":{"line":268,"column":9}},"173":{"start":{"line":269,"column":29},"end":{"line":269,"column":69}},"174":{"start":{"line":270,"column":28},"end":{"line":270,"column":65}},"175":{"start":{"line":271,"column":8},"end":{"line":289,"column":9}},"176":{"start":{"line":272,"column":31},"end":{"line":272,"column":71}},"177":{"start":{"line":272,"column":59},"end":{"line":272,"column":70}},"178":{"start":{"line":274,"column":36},"end":{"line":278,"column":14}},"179":{"start":{"line":276,"column":20},"end":{"line":276,"column":57}},"180":{"start":{"line":276,"column":50},"end":{"line":276,"column":56}},"181":{"start":{"line":280,"column":37},"end":{"line":283,"column":13}},"182":{"start":{"line":284,"column":12},"end":{"line":284,"column":65}},"183":{"start":{"line":287,"column":33},"end":{"line":287,"column":87}},"184":{"start":{"line":288,"column":12},"end":{"line":288,"column":67}},"185":{"start":{"line":291,"column":8},"end":{"line":305,"column":9}},"186":{"start":{"line":292,"column":30},"end":{"line":292,"column":65}},"187":{"start":{"line":292,"column":55},"end":{"line":292,"column":64}},"188":{"start":{"line":293,"column":31},"end":{"line":295,"column":14}},"189":{"start":{"line":294,"column":45},"end":{"line":294,"column":79}},"190":{"start":{"line":294,"column":68},"end":{"line":294,"column":78}},"191":{"start":{"line":297,"column":42},"end":{"line":300,"column":13}},"192":{"start":{"line":301,"column":12},"end":{"line":301,"column":70}},"193":{"start":{"line":303,"column":38},"end":{"line":303,"column":89}},"194":{"start":{"line":304,"column":12},"end":{"line":304,"column":71}},"195":{"start":{"line":308,"column":36},"end":{"line":311,"column":9}},"196":{"start":{"line":312,"column":8},"end":{"line":312,"column":78}},"197":{"start":{"line":314,"column":8},"end":{"line":314,"column":52}},"198":{"start":{"line":315,"column":8},"end":{"line":318,"column":11}},"199":{"start":{"line":321,"column":8},"end":{"line":321,"column":48}},"200":{"start":{"line":322,"column":8},"end":{"line":326,"column":11}},"201":{"start":{"line":330,"column":0},"end":{"line":338,"column":2}}},"fnMap":{"0":{"name":"(anonymous_0)","decl":{"start":{"line":10,"column":22},"end":{"line":10,"column":23}},"loc":{"start":{"line":10,"column":32},"end":{"line":17,"column":1}},"line":10},"1":{"name":"(anonymous_1)","decl":{"start":{"line":19,"column":21},"end":{"line":19,"column":22}},"loc":{"start":{"line":19,"column":41},"end":{"line":54,"column":1}},"line":19},"2":{"name":"(anonymous_2)","decl":{"start":{"line":56,"column":18},"end":{"line":56,"column":19}},"loc":{"start":{"line":56,"column":38},"end":{"line":82,"column":1}},"line":56},"3":{"name":"login","decl":{"start":{"line":71,"column":23},"end":{"line":71,"column":28}},"loc":{"start":{"line":71,"column":38},"end":{"line":77,"column":9}},"line":71},"4":{"name":"(anonymous_4)","decl":{"start":{"line":84,"column":20},"end":{"line":84,"column":21}},"loc":{"start":{"line":84,"column":40},"end":{"line":92,"column":1}},"line":84},"5":{"name":"(anonymous_5)","decl":{"start":{"line":94,"column":20},"end":{"line":94,"column":21}},"loc":{"start":{"line":94,"column":40},"end":{"line":104,"column":1}},"line":94},"6":{"name":"(anonymous_6)","decl":{"start":{"line":106,"column":26},"end":{"line":106,"column":27}},"loc":{"start":{"line":106,"column":46},"end":{"line":117,"column":1}},"line":106},"7":{"name":"(anonymous_7)","decl":{"start":{"line":119,"column":19},"end":{"line":119,"column":20}},"loc":{"start":{"line":119,"column":39},"end":{"line":255,"column":1}},"line":119},"8":{"name":"(anonymous_8)","decl":{"start":{"line":137,"column":42},"end":{"line":137,"column":43}},"loc":{"start":{"line":137,"column":47},"end":{"line":137,"column":89}},"line":137},"9":{"name":"(anonymous_9)","decl":{"start":{"line":151,"column":53},"end":{"line":151,"column":54}},"loc":{"start":{"line":151,"column":63},"end":{"line":151,"column":93}},"line":151},"10":{"name":"(anonymous_10)","decl":{"start":{"line":153,"column":61},"end":{"line":153,"column":62}},"loc":{"start":{"line":153,"column":71},"end":{"line":153,"column":106}},"line":153},"11":{"name":"(anonymous_11)","decl":{"start":{"line":177,"column":40},"end":{"line":177,"column":41}},"loc":{"start":{"line":177,"column":45},"end":{"line":177,"column":74}},"line":177},"12":{"name":"(anonymous_12)","decl":{"start":{"line":185,"column":41},"end":{"line":185,"column":42}},"loc":{"start":{"line":185,"column":46},"end":{"line":185,"column":75}},"line":185},"13":{"name":"(anonymous_13)","decl":{"start":{"line":220,"column":51},"end":{"line":220,"column":52}},"loc":{"start":{"line":221,"column":16},"end":{"line":221,"column":47}},"line":221},"14":{"name":"(anonymous_14)","decl":{"start":{"line":228,"column":28},"end":{"line":228,"column":29}},"loc":{"start":{"line":228,"column":38},"end":{"line":228,"column":69}},"line":228},"15":{"name":"(anonymous_15)","decl":{"start":{"line":257,"column":19},"end":{"line":257,"column":20}},"loc":{"start":{"line":257,"column":39},"end":{"line":328,"column":1}},"line":257},"16":{"name":"(anonymous_16)","decl":{"start":{"line":272,"column":48},"end":{"line":272,"column":49}},"loc":{"start":{"line":272,"column":59},"end":{"line":272,"column":70}},"line":272},"17":{"name":"(anonymous_17)","decl":{"start":{"line":275,"column":37},"end":{"line":275,"column":38}},"loc":{"start":{"line":276,"column":20},"end":{"line":276,"column":57}},"line":276},"18":{"name":"(anonymous_18)","decl":{"start":{"line":276,"column":45},"end":{"line":276,"column":46}},"loc":{"start":{"line":276,"column":50},"end":{"line":276,"column":56}},"line":276},"19":{"name":"(anonymous_19)","decl":{"start":{"line":292,"column":46},"end":{"line":292,"column":47}},"loc":{"start":{"line":292,"column":55},"end":{"line":292,"column":64}},"line":292},"20":{"name":"(anonymous_20)","decl":{"start":{"line":294,"column":36},"end":{"line":294,"column":37}},"loc":{"start":{"line":294,"column":45},"end":{"line":294,"column":79}},"line":294},"21":{"name":"(anonymous_21)","decl":{"start":{"line":294,"column":63},"end":{"line":294,"column":64}},"loc":{"start":{"line":294,"column":68},"end":{"line":294,"column":78}},"line":294}},"branchMap":{"0":{"loc":{"start":{"line":15,"column":21},"end":{"line":15,"column":55}},"type":"binary-expr","locations":[{"start":{"line":15,"column":21},"end":{"line":15,"column":47}},{"start":{"line":15,"column":51},"end":{"line":15,"column":55}}],"line":15},"1":{"loc":{"start":{"line":21,"column":4},"end":{"line":21,"column":83}},"type":"if","locations":[{"start":{"line":21,"column":4},"end":{"line":21,"column":83}},{"start":{},"end":{}}],"line":21},"2":{"loc":{"start":{"line":26,"column":8},"end":{"line":28,"column":14}},"type":"if","locations":[{"start":{"line":26,"column":8},"end":{"line":28,"column":14}},{"start":{},"end":{}}],"line":26},"3":{"loc":{"start":{"line":27,"column":23},"end":{"line":27,"column":114}},"type":"cond-expr","locations":[{"start":{"line":27,"column":60},"end":{"line":27,"column":85}},{"start":{"line":27,"column":88},"end":{"line":27,"column":114}}],"line":27},"4":{"loc":{"start":{"line":37,"column":23},"end":{"line":37,"column":54}},"type":"binary-expr","locations":[{"start":{"line":37,"column":23},"end":{"line":37,"column":41}},{"start":{"line":37,"column":45},"end":{"line":37,"column":54}}],"line":37},"5":{"loc":{"start":{"line":60,"column":8},"end":{"line":70,"column":9}},"type":"if","locations":[{"start":{"line":60,"column":8},"end":{"line":70,"column":9}},{"start":{"line":64,"column":15},"end":{"line":70,"column":9}}],"line":60},"6":{"loc":{"start":{"line":62,"column":12},"end":{"line":62,"column":110}},"type":"if","locations":[{"start":{"line":62,"column":12},"end":{"line":62,"column":110}},{"start":{},"end":{}}],"line":62},"7":{"loc":{"start":{"line":64,"column":15},"end":{"line":70,"column":9}},"type":"if","locations":[{"start":{"line":64,"column":15},"end":{"line":70,"column":9}},{"start":{"line":68,"column":15},"end":{"line":70,"column":9}}],"line":64},"8":{"loc":{"start":{"line":66,"column":12},"end":{"line":66,"column":107}},"type":"if","locations":[{"start":{"line":66,"column":12},"end":{"line":66,"column":107}},{"start":{},"end":{}}],"line":66},"9":{"loc":{"start":{"line":72,"column":12},"end":{"line":72,"column":102}},"type":"if","locations":[{"start":{"line":72,"column":12},"end":{"line":72,"column":102}},{"start":{},"end":{}}],"line":72},"10":{"loc":{"start":{"line":74,"column":12},"end":{"line":74,"column":120}},"type":"if","locations":[{"start":{"line":74,"column":12},"end":{"line":74,"column":120}},{"start":{},"end":{}}],"line":74},"11":{"loc":{"start":{"line":97,"column":8},"end":{"line":97,"column":76}},"type":"if","locations":[{"start":{"line":97,"column":8},"end":{"line":97,"column":76}},{"start":{},"end":{}}],"line":97},"12":{"loc":{"start":{"line":101,"column":8},"end":{"line":101,"column":105}},"type":"if","locations":[{"start":{"line":101,"column":8},"end":{"line":101,"column":105}},{"start":{},"end":{}}],"line":101},"13":{"loc":{"start":{"line":110,"column":8},"end":{"line":110,"column":76}},"type":"if","locations":[{"start":{"line":110,"column":8},"end":{"line":110,"column":76}},{"start":{},"end":{}}],"line":110},"14":{"loc":{"start":{"line":114,"column":8},"end":{"line":114,"column":105}},"type":"if","locations":[{"start":{"line":114,"column":8},"end":{"line":114,"column":105}},{"start":{},"end":{}}],"line":114},"15":{"loc":{"start":{"line":122,"column":8},"end":{"line":122,"column":76}},"type":"if","locations":[{"start":{"line":122,"column":8},"end":{"line":122,"column":76}},{"start":{},"end":{}}],"line":122},"16":{"loc":{"start":{"line":124,"column":8},"end":{"line":230,"column":9}},"type":"if","locations":[{"start":{"line":124,"column":8},"end":{"line":230,"column":9}},{"start":{"line":170,"column":15},"end":{"line":230,"column":9}}],"line":124},"17":{"loc":{"start":{"line":128,"column":12},"end":{"line":129,"column":83}},"type":"if","locations":[{"start":{"line":128,"column":12},"end":{"line":129,"column":83}},{"start":{},"end":{}}],"line":128},"18":{"loc":{"start":{"line":133,"column":12},"end":{"line":169,"column":13}},"type":"switch","locations":[{"start":{"line":134,"column":16},"end":{"line":142,"column":26}},{"start":{"line":143,"column":16},"end":{"line":149,"column":26}},{"start":{"line":150,"column":16},"end":{"line":165,"column":26}},{"start":{"line":167,"column":16},"end":{"line":168,"column":84}}],"line":133},"19":{"loc":{"start":{"line":135,"column":20},"end":{"line":136,"column":94}},"type":"if","locations":[{"start":{"line":135,"column":20},"end":{"line":136,"column":94}},{"start":{},"end":{}}],"line":135},"20":{"loc":{"start":{"line":137,"column":20},"end":{"line":138,"column":85}},"type":"if","locations":[{"start":{"line":137,"column":20},"end":{"line":138,"column":85}},{"start":{},"end":{}}],"line":137},"21":{"loc":{"start":{"line":154,"column":20},"end":{"line":154,"column":92}},"type":"if","locations":[{"start":{"line":154,"column":20},"end":{"line":154,"column":92}},{"start":{},"end":{}}],"line":154},"22":{"loc":{"start":{"line":155,"column":20},"end":{"line":155,"column":114}},"type":"if","locations":[{"start":{"line":155,"column":20},"end":{"line":155,"column":114}},{"start":{},"end":{}}],"line":155},"23":{"loc":{"start":{"line":156,"column":20},"end":{"line":164,"column":21}},"type":"if","locations":[{"start":{"line":156,"column":20},"end":{"line":164,"column":21}},{"start":{"line":159,"column":27},"end":{"line":164,"column":21}}],"line":156},"24":{"loc":{"start":{"line":170,"column":15},"end":{"line":230,"column":9}},"type":"if","locations":[{"start":{"line":170,"column":15},"end":{"line":230,"column":9}},{"start":{"line":199,"column":15},"end":{"line":230,"column":9}}],"line":170},"25":{"loc":{"start":{"line":172,"column":12},"end":{"line":173,"column":74}},"type":"if","locations":[{"start":{"line":172,"column":12},"end":{"line":173,"column":74}},{"start":{},"end":{}}],"line":172},"26":{"loc":{"start":{"line":174,"column":12},"end":{"line":198,"column":13}},"type":"switch","locations":[{"start":{"line":175,"column":16},"end":{"line":181,"column":26}},{"start":{"line":183,"column":16},"end":{"line":194,"column":26}},{"start":{"line":196,"column":16},"end":{"line":197,"column":82}}],"line":174},"27":{"loc":{"start":{"line":177,"column":20},"end":{"line":179,"column":21}},"type":"if","locations":[{"start":{"line":177,"column":20},"end":{"line":179,"column":21}},{"start":{},"end":{}}],"line":177},"28":{"loc":{"start":{"line":185,"column":20},"end":{"line":191,"column":21}},"type":"if","locations":[{"start":{"line":185,"column":20},"end":{"line":191,"column":21}},{"start":{},"end":{}}],"line":185},"29":{"loc":{"start":{"line":199,"column":15},"end":{"line":230,"column":9}},"type":"if","locations":[{"start":{"line":199,"column":15},"end":{"line":230,"column":9}},{"start":{"line":217,"column":15},"end":{"line":230,"column":9}}],"line":199},"30":{"loc":{"start":{"line":202,"column":12},"end":{"line":203,"column":77}},"type":"if","locations":[{"start":{"line":202,"column":12},"end":{"line":203,"column":77}},{"start":{},"end":{}}],"line":202},"31":{"loc":{"start":{"line":204,"column":12},"end":{"line":216,"column":13}},"type":"switch","locations":[{"start":{"line":205,"column":16},"end":{"line":208,"column":26}},{"start":{"line":209,"column":16},"end":{"line":213,"column":26}},{"start":{"line":214,"column":16},"end":{"line":215,"column":26}}],"line":204},"32":{"loc":{"start":{"line":224,"column":12},"end":{"line":226,"column":13}},"type":"if","locations":[{"start":{"line":224,"column":12},"end":{"line":226,"column":13}},{"start":{},"end":{}}],"line":224},"33":{"loc":{"start":{"line":240,"column":8},"end":{"line":242,"column":9}},"type":"if","locations":[{"start":{"line":240,"column":8},"end":{"line":242,"column":9}},{"start":{},"end":{}}],"line":240},"34":{"loc":{"start":{"line":244,"column":8},"end":{"line":246,"column":9}},"type":"if","locations":[{"start":{"line":244,"column":8},"end":{"line":246,"column":9}},{"start":{},"end":{}}],"line":244},"35":{"loc":{"start":{"line":248,"column":8},"end":{"line":251,"column":9}},"type":"if","locations":[{"start":{"line":248,"column":8},"end":{"line":251,"column":9}},{"start":{},"end":{}}],"line":248},"36":{"loc":{"start":{"line":260,"column":8},"end":{"line":260,"column":76}},"type":"if","locations":[{"start":{"line":260,"column":8},"end":{"line":260,"column":76}},{"start":{},"end":{}}],"line":260},"37":{"loc":{"start":{"line":271,"column":8},"end":{"line":289,"column":9}},"type":"if","locations":[{"start":{"line":271,"column":8},"end":{"line":289,"column":9}},{"start":{},"end":{}}],"line":271},"38":{"loc":{"start":{"line":291,"column":8},"end":{"line":305,"column":9}},"type":"if","locations":[{"start":{"line":291,"column":8},"end":{"line":305,"column":9}},{"start":{},"end":{}}],"line":291},"39":{"loc":{"start":{"line":322,"column":19},"end":{"line":322,"column":57}},"type":"cond-expr","locations":[{"start":{"line":322,"column":48},"end":{"line":322,"column":51}},{"start":{"line":322,"column":54},"end":{"line":322,"column":57}}],"line":322},"40":{"loc":{"start":{"line":323,"column":19},"end":{"line":325,"column":32}},"type":"cond-expr","locations":[{"start":{"line":324,"column":18},"end":{"line":324,"column":42}},{"start":{"line":325,"column":18},"end":{"line":325,"column":32}}],"line":323}},"s":{"0":3,"1":3,"2":3,"3":3,"4":3,"5":3,"6":3,"7":3,"8":3,"9":46,"10":46,"11":3,"12":34,"13":34,"14":0,"15":34,"16":34,"17":34,"18":34,"19":0,"20":34,"21":34,"22":34,"23":34,"24":34,"25":0,"26":0,"27":3,"28":19,"29":19,"30":19,"31":15,"32":15,"33":1,"34":14,"35":4,"36":2,"37":2,"38":1,"39":1,"40":2,"41":15,"42":1,"43":14,"44":14,"45":2,"46":12,"47":12,"48":0,"49":0,"50":3,"51":2,"52":2,"53":2,"54":0,"55":0,"56":3,"57":1,"58":1,"59":1,"60":0,"61":1,"62":0,"63":0,"64":0,"65":0,"66":3,"67":18,"68":18,"69":18,"70":18,"71":0,"72":18,"73":0,"74":0,"75":0,"76":0,"77":3,"78":11,"79":11,"80":11,"81":0,"82":11,"83":11,"84":11,"85":11,"86":0,"87":11,"88":11,"89":7,"90":1,"91":6,"92":1,"93":1,"94":5,"95":5,"96":5,"97":2,"98":2,"99":2,"100":2,"101":2,"102":2,"103":2,"104":2,"105":0,"106":2,"107":0,"108":2,"109":0,"110":0,"111":2,"112":2,"113":2,"114":2,"115":2,"116":0,"117":0,"118":0,"119":0,"120":0,"121":0,"122":0,"123":0,"124":0,"125":0,"126":0,"127":0,"128":0,"129":0,"130":0,"131":0,"132":0,"133":0,"134":0,"135":0,"136":0,"137":0,"138":0,"139":0,"140":0,"141":0,"142":0,"143":0,"144":0,"145":0,"146":0,"147":0,"148":0,"149":0,"150":0,"151":0,"152":0,"153":0,"154":0,"155":0,"156":9,"157":9,"158":0,"159":0,"160":0,"161":0,"162":0,"163":0,"164":0,"165":0,"166":0,"167":3,"168":1,"169":1,"170":1,"171":0,"172":1,"173":1,"174":1,"175":1,"176":0,"177":0,"178":0,"179":0,"180":0,"181":0,"182":0,"183":0,"184":0,"185":1,"186":0,"187":0,"188":0,"189":0,"190":0,"191":0,"192":0,"193":0,"194":0,"195":1,"196":1,"197":1,"198":1,"199":0,"200":0,"201":3},"f":{"0":46,"1":34,"2":19,"3":15,"4":2,"5":1,"6":18,"7":11,"8":1,"9":2,"10":2,"11":0,"12":0,"13":0,"14":0,"15":1,"16":0,"17":0,"18":0,"19":0,"20":0,"21":0},"b":{"0":[46,0],"1":[0,34],"2":[0,34],"3":[0,0],"4":[34,34],"5":[15,4],"6":[1,14],"7":[2,2],"8":[1,1],"9":[1,14],"10":[2,12],"11":[0,1],"12":[0,0],"13":[0,18],"14":[0,0],"15":[0,11],"16":[11,0],"17":[0,11],"18":[7,2,2,0],"19":[1,6],"20":[1,5],"21":[0,2],"22":[0,2],"23":[0,2],"24":[0,0],"25":[0,0],"26":[0,0,0],"27":[0,0],"28":[0,0],"29":[0,0],"30":[0,0],"31":[0,0,0],"32":[0,0],"33":[0,0],"34":[0,0],"35":[0,0],"36":[0,1],"37":[0,1],"38":[0,1],"39":[0,0],"40":[0,0]},"_coverageSchema":"1a1c01bbd47fc00a2c39e90264f33305004495a9","hash":"23a34a7ae78a77fe84cf2bcaba7178af49b6c12a"}
,"D:\\_HTBO\\HTBO\\backend\\src\\middleware\\authMiddleware.js": {"path":"D:\\_HTBO\\HTBO\\backend\\src\\middleware\\authMiddleware.js","statementMap":{"0":{"start":{"line":1,"column":12},"end":{"line":1,"column":35}},"1":{"start":{"line":2,"column":15},"end":{"line":2,"column":32}},"2":{"start":{"line":3,"column":16},"end":{"line":3,"column":44}},"3":{"start":{"line":5,"column":0},"end":{"line":5,"column":16}},"4":{"start":{"line":8,"column":4},"end":{"line":8,"column":105}},"5":{"start":{"line":8,"column":38},"end":{"line":8,"column":105}},"6":{"start":{"line":9,"column":18},"end":{"line":9,"column":68}},"7":{"start":{"line":10,"column":4},"end":{"line":10,"column":72}},"8":{"start":{"line":10,"column":16},"end":{"line":10,"column":72}},"9":{"start":{"line":11,"column":4},"end":{"line":17,"column":5}},"10":{"start":{"line":12,"column":24},"end":{"line":12,"column":65}},"11":{"start":{"line":13,"column":8},"end":{"line":13,"column":32}},"12":{"start":{"line":14,"column":8},"end":{"line":14,"column":15}},"13":{"start":{"line":16,"column":8},"end":{"line":16,"column":57}},"14":{"start":{"line":21,"column":4},"end":{"line":23,"column":5}},"15":{"start":{"line":22,"column":8},"end":{"line":22,"column":70}},"16":{"start":{"line":24,"column":4},"end":{"line":24,"column":11}},"17":{"start":{"line":28,"column":19},"end":{"line":28,"column":73}},"18":{"start":{"line":29,"column":4},"end":{"line":31,"column":5}},"19":{"start":{"line":30,"column":8},"end":{"line":30,"column":70}},"20":{"start":{"line":32,"column":4},"end":{"line":32,"column":11}},"21":{"start":{"line":35,"column":0},"end":{"line":35,"column":78}}},"fnMap":{"0":{"name":"verifyToken","decl":{"start":{"line":7,"column":9},"end":{"line":7,"column":20}},"loc":{"start":{"line":7,"column":37},"end":{"line":18,"column":1}},"line":7},"1":{"name":"checkUserPermission","decl":{"start":{"line":20,"column":9},"end":{"line":20,"column":28}},"loc":{"start":{"line":20,"column":45},"end":{"line":25,"column":1}},"line":20},"2":{"name":"checkSessionPermission","decl":{"start":{"line":27,"column":15},"end":{"line":27,"column":37}},"loc":{"start":{"line":27,"column":55},"end":{"line":33,"column":1}},"line":27}},"branchMap":{"0":{"loc":{"start":{"line":8,"column":4},"end":{"line":8,"column":105}},"type":"if","locations":[{"start":{"line":8,"column":4},"end":{"line":8,"column":105}},{"start":{},"end":{}}],"line":8},"1":{"loc":{"start":{"line":10,"column":4},"end":{"line":10,"column":72}},"type":"if","locations":[{"start":{"line":10,"column":4},"end":{"line":10,"column":72}},{"start":{},"end":{}}],"line":10},"2":{"loc":{"start":{"line":21,"column":4},"end":{"line":23,"column":5}},"type":"if","locations":[{"start":{"line":21,"column":4},"end":{"line":23,"column":5}},{"start":{},"end":{}}],"line":21},"3":{"loc":{"start":{"line":29,"column":4},"end":{"line":31,"column":5}},"type":"if","locations":[{"start":{"line":29,"column":4},"end":{"line":31,"column":5}},{"start":{},"end":{}}],"line":29}},"s":{"0":3,"1":3,"2":3,"3":3,"4":13,"5":0,"6":13,"7":13,"8":0,"9":13,"10":13,"11":13,"12":13,"13":0,"14":12,"15":0,"16":12,"17":0,"18":0,"19":0,"20":0,"21":3},"f":{"0":13,"1":12,"2":0},"b":{"0":[0,13],"1":[0,13],"2":[0,12],"3":[0,0]},"_coverageSchema":"1a1c01bbd47fc00a2c39e90264f33305004495a9","hash":"444d580beff07349cf321867da51b62df7cda3ac"}
,"D:\\_HTBO\\HTBO\\backend\\src\\models\\Game.js": {"path":"D:\\_HTBO\\HTBO\\backend\\src\\models\\Game.js","statementMap":{"0":{"start":{"line":1,"column":17},"end":{"line":1,"column":36}},"1":{"start":{"line":3,"column":24},"end":{"line":14,"column":16}},"2":{"start":{"line":16,"column":19},"end":{"line":53,"column":2}},"3":{"start":{"line":47,"column":6},"end":{"line":47,"column":23}},"4":{"start":{"line":48,"column":6},"end":{"line":48,"column":21}},"5":{"start":{"line":49,"column":6},"end":{"line":49,"column":21}},"6":{"start":{"line":50,"column":6},"end":{"line":50,"column":17}},"7":{"start":{"line":55,"column":0},"end":{"line":57,"column":3}},"8":{"start":{"line":56,"column":2},"end":{"line":56,"column":51}},"9":{"start":{"line":59,"column":0},"end":{"line":59,"column":52}}},"fnMap":{"0":{"name":"(anonymous_0)","decl":{"start":{"line":46,"column":15},"end":{"line":46,"column":16}},"loc":{"start":{"line":46,"column":34},"end":{"line":51,"column":5}},"line":46},"1":{"name":"(anonymous_1)","decl":{"start":{"line":55,"column":43},"end":{"line":55,"column":44}},"loc":{"start":{"line":55,"column":54},"end":{"line":57,"column":1}},"line":55}},"branchMap":{},"s":{"0":3,"1":3,"2":3,"3":0,"4":0,"5":0,"6":0,"7":3,"8":0,"9":3},"f":{"0":0,"1":0},"b":{},"_coverageSchema":"1a1c01bbd47fc00a2c39e90264f33305004495a9","hash":"90834d7f5eadb656363810cecd7425e72713c934"}
,"D:\\_HTBO\\HTBO\\backend\\src\\models\\Group.js": {"path":"D:\\_HTBO\\HTBO\\backend\\src\\models\\Group.js","statementMap":{"0":{"start":{"line":1,"column":17},"end":{"line":1,"column":36}},"1":{"start":{"line":3,"column":21},"end":{"line":14,"column":18}},"2":{"start":{"line":16,"column":20},"end":{"line":49,"column":2}},"3":{"start":{"line":43,"column":12},"end":{"line":43,"column":29}},"4":{"start":{"line":44,"column":12},"end":{"line":44,"column":27}},"5":{"start":{"line":45,"column":12},"end":{"line":45,"column":27}},"6":{"start":{"line":46,"column":12},"end":{"line":46,"column":23}},"7":{"start":{"line":51,"column":0},"end":{"line":51,"column":54}}},"fnMap":{"0":{"name":"(anonymous_0)","decl":{"start":{"line":42,"column":19},"end":{"line":42,"column":20}},"loc":{"start":{"line":42,"column":39},"end":{"line":47,"column":9}},"line":42}},"branchMap":{},"s":{"0":3,"1":3,"2":3,"3":0,"4":0,"5":0,"6":0,"7":3},"f":{"0":0},"b":{},"_coverageSchema":"1a1c01bbd47fc00a2c39e90264f33305004495a9","hash":"44ce530e3d4c9bcb00a05553d4eb64c60be3980e"}
,"D:\\_HTBO\\HTBO\\backend\\src\\models\\Session.js": {"path":"D:\\_HTBO\\HTBO\\backend\\src\\models\\Session.js","statementMap":{"0":{"start":{"line":1,"column":17},"end":{"line":1,"column":36}},"1":{"start":{"line":4,"column":26},"end":{"line":15,"column":18}},"2":{"start":{"line":17,"column":22},"end":{"line":56,"column":2}},"3":{"start":{"line":52,"column":12},"end":{"line":52,"column":36}},"4":{"start":{"line":53,"column":12},"end":{"line":53,"column":23}},"5":{"start":{"line":58,"column":0},"end":{"line":62,"column":1}},"6":{"start":{"line":59,"column":4},"end":{"line":60,"column":65}},"7":{"start":{"line":59,"column":36},"end":{"line":59,"column":57}},"8":{"start":{"line":60,"column":8},"end":{"line":60,"column":65}},"9":{"start":{"line":61,"column":4},"end":{"line":61,"column":23}},"10":{"start":{"line":64,"column":16},"end":{"line":64,"column":56}},"11":{"start":{"line":66,"column":0},"end":{"line":66,"column":25}}},"fnMap":{"0":{"name":"(anonymous_0)","decl":{"start":{"line":51,"column":19},"end":{"line":51,"column":20}},"loc":{"start":{"line":51,"column":37},"end":{"line":54,"column":9}},"line":51},"1":{"name":"(anonymous_1)","decl":{"start":{"line":58,"column":39},"end":{"line":58,"column":40}},"loc":{"start":{"line":58,"column":55},"end":{"line":62,"column":1}},"line":58},"2":{"name":"(anonymous_2)","decl":{"start":{"line":59,"column":31},"end":{"line":59,"column":32}},"loc":{"start":{"line":59,"column":36},"end":{"line":59,"column":57}},"line":59}},"branchMap":{"0":{"loc":{"start":{"line":59,"column":4},"end":{"line":60,"column":65}},"type":"if","locations":[{"start":{"line":59,"column":4},"end":{"line":60,"column":65}},{"start":{},"end":{}}],"line":59}},"s":{"0":3,"1":3,"2":3,"3":0,"4":0,"5":3,"6":0,"7":0,"8":0,"9":0,"10":3,"11":3},"f":{"0":0,"1":0,"2":0},"b":{"0":[0,0]},"_coverageSchema":"1a1c01bbd47fc00a2c39e90264f33305004495a9","hash":"d49d99942174aeca66cb2c7cb02b44bbfb966a95"}
,"D:\\_HTBO\\HTBO\\backend\\src\\models\\Store.js": {"path":"D:\\_HTBO\\HTBO\\backend\\src\\models\\Store.js","statementMap":{"0":{"start":{"line":2,"column":17},"end":{"line":2,"column":36}},"1":{"start":{"line":4,"column":20},"end":{"line":32,"column":2}},"2":{"start":{"line":26,"column":6},"end":{"line":26,"column":23}},"3":{"start":{"line":27,"column":6},"end":{"line":27,"column":21}},"4":{"start":{"line":28,"column":6},"end":{"line":28,"column":21}},"5":{"start":{"line":29,"column":6},"end":{"line":29,"column":17}},"6":{"start":{"line":34,"column":14},"end":{"line":34,"column":50}},"7":{"start":{"line":35,"column":0},"end":{"line":35,"column":23}}},"fnMap":{"0":{"name":"(anonymous_0)","decl":{"start":{"line":25,"column":15},"end":{"line":25,"column":16}},"loc":{"start":{"line":25,"column":34},"end":{"line":30,"column":5}},"line":25}},"branchMap":{},"s":{"0":3,"1":3,"2":0,"3":0,"4":0,"5":0,"6":3,"7":3},"f":{"0":0},"b":{},"_coverageSchema":"1a1c01bbd47fc00a2c39e90264f33305004495a9","hash":"61da2797bf2ffdeec9b0a0b196018e95ef889e5b"}
,"D:\\_HTBO\\HTBO\\backend\\src\\models\\User.js": {"path":"D:\\_HTBO\\HTBO\\backend\\src\\models\\User.js","statementMap":{"0":{"start":{"line":1,"column":17},"end":{"line":1,"column":36}},"1":{"start":{"line":2,"column":16},"end":{"line":2,"column":44}},"2":{"start":{"line":5,"column":21},"end":{"line":16,"column":18}},"3":{"start":{"line":18,"column":20},"end":{"line":24,"column":18}},"4":{"start":{"line":26,"column":22},"end":{"line":37,"column":16}},"5":{"start":{"line":39,"column":20},"end":{"line":50,"column":16}},"6":{"start":{"line":53,"column":19},"end":{"line":98,"column":2}},"7":{"start":{"line":94,"column":12},"end":{"line":94,"column":36}},"8":{"start":{"line":95,"column":12},"end":{"line":95,"column":23}},"9":{"start":{"line":100,"column":0},"end":{"line":102,"column":3}},"10":{"start":{"line":101,"column":4},"end":{"line":101,"column":37}},"11":{"start":{"line":106,"column":0},"end":{"line":111,"column":2}},"12":{"start":{"line":107,"column":4},"end":{"line":109,"column":5}},"13":{"start":{"line":107,"column":32},"end":{"line":107,"column":55}},"14":{"start":{"line":108,"column":8},"end":{"line":108,"column":56}},"15":{"start":{"line":110,"column":4},"end":{"line":110,"column":23}},"16":{"start":{"line":113,"column":0},"end":{"line":118,"column":1}},"17":{"start":{"line":114,"column":4},"end":{"line":116,"column":5}},"18":{"start":{"line":114,"column":32},"end":{"line":114,"column":55}},"19":{"start":{"line":115,"column":8},"end":{"line":115,"column":39}},"20":{"start":{"line":117,"column":4},"end":{"line":117,"column":23}},"21":{"start":{"line":120,"column":0},"end":{"line":123,"column":1}},"22":{"start":{"line":121,"column":4},"end":{"line":121,"column":68}},"23":{"start":{"line":121,"column":27},"end":{"line":121,"column":50}},"24":{"start":{"line":122,"column":4},"end":{"line":122,"column":23}},"25":{"start":{"line":125,"column":0},"end":{"line":144,"column":1}},"26":{"start":{"line":126,"column":4},"end":{"line":142,"column":5}},"27":{"start":{"line":127,"column":8},"end":{"line":133,"column":9}},"28":{"start":{"line":127,"column":34},"end":{"line":127,"column":57}},"29":{"start":{"line":128,"column":12},"end":{"line":128,"column":36}},"30":{"start":{"line":129,"column":12},"end":{"line":129,"column":37}},"31":{"start":{"line":130,"column":12},"end":{"line":130,"column":36}},"32":{"start":{"line":134,"column":11},"end":{"line":142,"column":5}},"33":{"start":{"line":135,"column":8},"end":{"line":135,"column":45}},"34":{"start":{"line":136,"column":8},"end":{"line":136,"column":37}},"35":{"start":{"line":137,"column":8},"end":{"line":137,"column":44}},"36":{"start":{"line":143,"column":4},"end":{"line":143,"column":22}},"37":{"start":{"line":150,"column":0},"end":{"line":155,"column":1}},"38":{"start":{"line":151,"column":4},"end":{"line":153,"column":5}},"39":{"start":{"line":151,"column":33},"end":{"line":151,"column":59}},"40":{"start":{"line":152,"column":8},"end":{"line":152,"column":69}},"41":{"start":{"line":154,"column":4},"end":{"line":154,"column":23}},"42":{"start":{"line":157,"column":0},"end":{"line":162,"column":1}},"43":{"start":{"line":158,"column":4},"end":{"line":160,"column":5}},"44":{"start":{"line":158,"column":31},"end":{"line":158,"column":60}},"45":{"start":{"line":159,"column":8},"end":{"line":159,"column":56}},"46":{"start":{"line":161,"column":4},"end":{"line":161,"column":23}},"47":{"start":{"line":164,"column":13},"end":{"line":164,"column":47}},"48":{"start":{"line":166,"column":0},"end":{"line":166,"column":22}}},"fnMap":{"0":{"name":"(anonymous_0)","decl":{"start":{"line":93,"column":19},"end":{"line":93,"column":20}},"loc":{"start":{"line":93,"column":39},"end":{"line":96,"column":9}},"line":93},"1":{"name":"(anonymous_1)","decl":{"start":{"line":100,"column":37},"end":{"line":100,"column":38}},"loc":{"start":{"line":100,"column":49},"end":{"line":102,"column":1}},"line":100},"2":{"name":"(anonymous_2)","decl":{"start":{"line":106,"column":31},"end":{"line":106,"column":32}},"loc":{"start":{"line":106,"column":49},"end":{"line":111,"column":1}},"line":106},"3":{"name":"(anonymous_3)","decl":{"start":{"line":107,"column":27},"end":{"line":107,"column":28}},"loc":{"start":{"line":107,"column":32},"end":{"line":107,"column":55}},"line":107},"4":{"name":"(anonymous_4)","decl":{"start":{"line":113,"column":34},"end":{"line":113,"column":35}},"loc":{"start":{"line":113,"column":52},"end":{"line":118,"column":1}},"line":113},"5":{"name":"(anonymous_5)","decl":{"start":{"line":114,"column":27},"end":{"line":114,"column":28}},"loc":{"start":{"line":114,"column":32},"end":{"line":114,"column":55}},"line":114},"6":{"name":"(anonymous_6)","decl":{"start":{"line":120,"column":34},"end":{"line":120,"column":35}},"loc":{"start":{"line":120,"column":60},"end":{"line":123,"column":1}},"line":120},"7":{"name":"(anonymous_7)","decl":{"start":{"line":121,"column":22},"end":{"line":121,"column":23}},"loc":{"start":{"line":121,"column":27},"end":{"line":121,"column":50}},"line":121},"8":{"name":"(anonymous_8)","decl":{"start":{"line":125,"column":35},"end":{"line":125,"column":36}},"loc":{"start":{"line":125,"column":61},"end":{"line":144,"column":1}},"line":125},"9":{"name":"(anonymous_9)","decl":{"start":{"line":127,"column":29},"end":{"line":127,"column":30}},"loc":{"start":{"line":127,"column":34},"end":{"line":127,"column":57}},"line":127},"10":{"name":"(anonymous_10)","decl":{"start":{"line":150,"column":32},"end":{"line":150,"column":33}},"loc":{"start":{"line":150,"column":53},"end":{"line":155,"column":1}},"line":150},"11":{"name":"(anonymous_11)","decl":{"start":{"line":151,"column":28},"end":{"line":151,"column":29}},"loc":{"start":{"line":151,"column":33},"end":{"line":151,"column":59}},"line":151},"12":{"name":"(anonymous_12)","decl":{"start":{"line":157,"column":35},"end":{"line":157,"column":36}},"loc":{"start":{"line":157,"column":54},"end":{"line":162,"column":1}},"line":157},"13":{"name":"(anonymous_13)","decl":{"start":{"line":158,"column":26},"end":{"line":158,"column":27}},"loc":{"start":{"line":158,"column":31},"end":{"line":158,"column":60}},"line":158}},"branchMap":{"0":{"loc":{"start":{"line":107,"column":4},"end":{"line":109,"column":5}},"type":"if","locations":[{"start":{"line":107,"column":4},"end":{"line":109,"column":5}},{"start":{},"end":{}}],"line":107},"1":{"loc":{"start":{"line":114,"column":4},"end":{"line":116,"column":5}},"type":"if","locations":[{"start":{"line":114,"column":4},"end":{"line":116,"column":5}},{"start":{},"end":{}}],"line":114},"2":{"loc":{"start":{"line":126,"column":4},"end":{"line":142,"column":5}},"type":"if","locations":[{"start":{"line":126,"column":4},"end":{"line":142,"column":5}},{"start":{"line":134,"column":11},"end":{"line":142,"column":5}}],"line":126},"3":{"loc":{"start":{"line":127,"column":8},"end":{"line":133,"column":9}},"type":"if","locations":[{"start":{"line":127,"column":8},"end":{"line":133,"column":9}},{"start":{},"end":{}}],"line":127},"4":{"loc":{"start":{"line":134,"column":11},"end":{"line":142,"column":5}},"type":"if","locations":[{"start":{"line":134,"column":11},"end":{"line":142,"column":5}},{"start":{},"end":{}}],"line":134},"5":{"loc":{"start":{"line":151,"column":4},"end":{"line":153,"column":5}},"type":"if","locations":[{"start":{"line":151,"column":4},"end":{"line":153,"column":5}},{"start":{},"end":{}}],"line":151},"6":{"loc":{"start":{"line":158,"column":4},"end":{"line":160,"column":5}},"type":"if","locations":[{"start":{"line":158,"column":4},"end":{"line":160,"column":5}},{"start":{},"end":{}}],"line":158}},"s":{"0":3,"1":3,"2":3,"3":3,"4":3,"5":3,"6":3,"7":38,"8":38,"9":3,"10":38,"11":3,"12":10,"13":0,"14":10,"15":10,"16":3,"17":4,"18":4,"19":4,"20":4,"21":3,"22":4,"23":4,"24":4,"25":3,"26":0,"27":0,"28":0,"29":0,"30":0,"31":0,"32":0,"33":0,"34":0,"35":0,"36":0,"37":3,"38":0,"39":0,"40":0,"41":0,"42":3,"43":0,"44":0,"45":0,"46":0,"47":3,"48":3},"f":{"0":38,"1":38,"2":10,"3":0,"4":4,"5":4,"6":4,"7":4,"8":0,"9":0,"10":0,"11":0,"12":0,"13":0},"b":{"0":[10,0],"1":[4,0],"2":[0,0],"3":[0,0],"4":[0,0],"5":[0,0],"6":[0,0]},"_coverageSchema":"1a1c01bbd47fc00a2c39e90264f33305004495a9","hash":"52feceeec4963be2a02e966c50eb584c5b23ddaf"}
,"D:\\_HTBO\\HTBO\\backend\\src\\routes\\gameRoutes.js": {"path":"D:\\_HTBO\\HTBO\\backend\\src\\routes\\gameRoutes.js","statementMap":{"0":{"start":{"line":1,"column":16},"end":{"line":1,"column":34}},"1":{"start":{"line":2,"column":15},"end":{"line":2,"column":31}},"2":{"start":{"line":3,"column":23},"end":{"line":3,"column":63}},"3":{"start":{"line":5,"column":0},"end":{"line":5,"column":44}},"4":{"start":{"line":6,"column":0},"end":{"line":6,"column":44}},"5":{"start":{"line":7,"column":0},"end":{"line":7,"column":47}},"6":{"start":{"line":8,"column":0},"end":{"line":8,"column":48}},"7":{"start":{"line":9,"column":0},"end":{"line":9,"column":49}},"8":{"start":{"line":11,"column":0},"end":{"line":11,"column":24}}},"fnMap":{},"branchMap":{},"s":{"0":3,"1":3,"2":3,"3":3,"4":3,"5":3,"6":3,"7":3,"8":3},"f":{},"b":{},"_coverageSchema":"1a1c01bbd47fc00a2c39e90264f33305004495a9","hash":"b5ae0fd67dead57cce086cd47b67cecc46d727be"}
,"D:\\_HTBO\\HTBO\\backend\\src\\routes\\groupRoutes.js": {"path":"D:\\_HTBO\\HTBO\\backend\\src\\routes\\groupRoutes.js","statementMap":{"0":{"start":{"line":1,"column":16},"end":{"line":1,"column":34}},"1":{"start":{"line":2,"column":15},"end":{"line":2,"column":31}},"2":{"start":{"line":3,"column":24},"end":{"line":3,"column":65}},"3":{"start":{"line":5,"column":0},"end":{"line":5,"column":46}},"4":{"start":{"line":6,"column":0},"end":{"line":6,"column":46}},"5":{"start":{"line":7,"column":0},"end":{"line":7,"column":49}},"6":{"start":{"line":8,"column":0},"end":{"line":8,"column":50}},"7":{"start":{"line":9,"column":0},"end":{"line":9,"column":51}},"8":{"start":{"line":11,"column":0},"end":{"line":11,"column":24}}},"fnMap":{},"branchMap":{},"s":{"0":3,"1":3,"2":3,"3":3,"4":3,"5":3,"6":3,"7":3,"8":3},"f":{},"b":{},"_coverageSchema":"1a1c01bbd47fc00a2c39e90264f33305004495a9","hash":"5738a187b1f20de72e7bac8c4fd0e6abb3c33f43"}
,"D:\\_HTBO\\HTBO\\backend\\src\\routes\\sessionRoutes.js": {"path":"D:\\_HTBO\\HTBO\\backend\\src\\routes\\sessionRoutes.js","statementMap":{"0":{"start":{"line":1,"column":16},"end":{"line":1,"column":34}},"1":{"start":{"line":2,"column":15},"end":{"line":2,"column":31}},"2":{"start":{"line":3,"column":26},"end":{"line":3,"column":69}},"3":{"start":{"line":4,"column":48},"end":{"line":4,"column":87}},"4":{"start":{"line":6,"column":0},"end":{"line":6,"column":63}},"5":{"start":{"line":7,"column":0},"end":{"line":7,"column":66}},"6":{"start":{"line":8,"column":0},"end":{"line":8,"column":63}},"7":{"start":{"line":11,"column":0},"end":{"line":11,"column":91}},"8":{"start":{"line":12,"column":0},"end":{"line":12,"column":92}},"9":{"start":{"line":14,"column":0},"end":{"line":14,"column":24}}},"fnMap":{},"branchMap":{},"s":{"0":3,"1":3,"2":3,"3":3,"4":3,"5":3,"6":3,"7":3,"8":3,"9":3},"f":{},"b":{},"_coverageSchema":"1a1c01bbd47fc00a2c39e90264f33305004495a9","hash":"e28472173efe642d48b4cc92689639c9522f190d"}
,"D:\\_HTBO\\HTBO\\backend\\src\\routes\\storeRoutes.js": {"path":"D:\\_HTBO\\HTBO\\backend\\src\\routes\\storeRoutes.js","statementMap":{"0":{"start":{"line":1,"column":16},"end":{"line":1,"column":34}},"1":{"start":{"line":2,"column":15},"end":{"line":2,"column":31}},"2":{"start":{"line":3,"column":24},"end":{"line":3,"column":65}},"3":{"start":{"line":5,"column":0},"end":{"line":5,"column":46}},"4":{"start":{"line":6,"column":0},"end":{"line":6,"column":46}},"5":{"start":{"line":9,"column":0},"end":{"line":9,"column":51}},"6":{"start":{"line":11,"column":0},"end":{"line":11,"column":24}}},"fnMap":{},"branchMap":{},"s":{"0":3,"1":3,"2":3,"3":3,"4":3,"5":3,"6":3},"f":{},"b":{},"_coverageSchema":"1a1c01bbd47fc00a2c39e90264f33305004495a9","hash":"08492287d59953df671c740dabd9007c133ace36"}
,"D:\\_HTBO\\HTBO\\backend\\src\\routes\\userRoutes.js": {"path":"D:\\_HTBO\\HTBO\\backend\\src\\routes\\userRoutes.js","statementMap":{"0":{"start":{"line":1,"column":16},"end":{"line":1,"column":34}},"1":{"start":{"line":2,"column":15},"end":{"line":2,"column":31}},"2":{"start":{"line":3,"column":45},"end":{"line":3,"column":84}},"3":{"start":{"line":4,"column":23},"end":{"line":4,"column":63}},"4":{"start":{"line":6,"column":0},"end":{"line":6,"column":44}},"5":{"start":{"line":7,"column":0},"end":{"line":7,"column":54}},"6":{"start":{"line":8,"column":0},"end":{"line":8,"column":48}},"7":{"start":{"line":11,"column":0},"end":{"line":11,"column":69}},"8":{"start":{"line":12,"column":0},"end":{"line":12,"column":60}},"9":{"start":{"line":13,"column":0},"end":{"line":13,"column":82}},"10":{"start":{"line":14,"column":0},"end":{"line":14,"column":83}},"11":{"start":{"line":16,"column":0},"end":{"line":16,"column":24}}},"fnMap":{},"branchMap":{},"s":{"0":3,"1":3,"2":3,"3":3,"4":3,"5":3,"6":3,"7":3,"8":3,"9":3,"10":3,"11":3},"f":{},"b":{},"_coverageSchema":"1a1c01bbd47fc00a2c39e90264f33305004495a9","hash":"21b447cd1b3ace0de4f2cf0792cf50da6c56bef6"}
}
