TN:
SF:backend\src\app.js
FNF:0
FNH:0
DA:1,3
DA:2,3
DA:3,3
DA:5,3
DA:7,3
DA:9,3
DA:10,3
DA:12,3
DA:13,3
DA:14,3
DA:15,3
DA:16,3
DA:18,3
LF:13
LH:13
BRF:0
BRH:0
end_of_record
TN:
SF:backend\src\controllers\gameController.js
FN:4,(anonymous_0)
FN:16,(anonymous_1)
FN:28,(anonymous_2)
FN:48,(anonymous_3)
FN:70,(anonymous_4)
FN:99,(anonymous_5)
FN:103,(anonymous_6)
FN:131,(anonymous_7)
FN:143,(anonymous_8)
FNF:9
FNH:0
FNDA:0,(anonymous_0)
FNDA:0,(anonymous_1)
FNDA:0,(anonymous_2)
FNDA:0,(anonymous_3)
FNDA:0,(anonymous_4)
FNDA:0,(anonymous_5)
FNDA:0,(anonymous_6)
FNDA:0,(anonymous_7)
FNDA:0,(anonymous_8)
DA:1,3
DA:2,3
DA:4,3
DA:5,0
DA:6,0
DA:8,0
DA:9,0
DA:11,0
DA:16,0
DA:22,0
DA:25,0
DA:27,0
DA:28,0
DA:29,0
DA:32,0
DA:48,3
DA:49,0
DA:50,0
DA:53,0
DA:54,0
DA:57,0
DA:60,0
DA:62,0
DA:63,0
DA:66,0
DA:70,3
DA:71,0
DA:73,0
DA:75,0
DA:76,0
DA:78,0
DA:79,0
DA:82,0
DA:83,0
DA:84,0
DA:87,0
DA:91,0
DA:94,0
DA:95,0
DA:99,3
DA:100,0
DA:101,0
DA:102,0
DA:103,0
DA:104,0
DA:107,0
DA:108,0
DA:111,0
DA:117,0
DA:118,0
DA:121,0
DA:124,0
DA:126,0
DA:127,0
DA:130,0
DA:131,0
DA:132,0
DA:135,0
DA:136,0
DA:139,0
DA:143,3
DA:144,0
DA:145,0
DA:147,0
DA:148,0
DA:151,0
DA:154,0
DA:156,0
DA:157,0
DA:160,0
DA:164,3
LF:71
LH:8
BRDA:9,0,0,0
BRDA:9,0,1,0
BRDA:27,1,0,0
BRDA:27,1,1,0
BRDA:53,2,0,0
BRDA:53,2,1,0
BRDA:62,3,0,0
BRDA:62,3,1,0
BRDA:78,4,0,0
BRDA:78,4,1,0
BRDA:82,5,0,0
BRDA:82,5,1,0
BRDA:107,6,0,0
BRDA:107,6,1,0
BRDA:117,7,0,0
BRDA:117,7,1,0
BRDA:126,8,0,0
BRDA:126,8,1,0
BRDA:130,9,0,0
BRDA:130,9,1,0
BRDA:135,10,0,0
BRDA:135,10,1,0
BRDA:147,11,0,0
BRDA:147,11,1,0
BRDA:156,12,0,0
BRDA:156,12,1,0
BRF:26
BRH:0
end_of_record
TN:
SF:backend\src\controllers\groupController.js
FN:5,(anonymous_0)
FN:31,(anonymous_1)
FN:36,(anonymous_2)
FN:61,(anonymous_3)
FN:68,(anonymous_4)
FN:78,(anonymous_5)
FN:91,(anonymous_6)
FN:108,(anonymous_7)
FN:132,(anonymous_8)
FN:140,(anonymous_9)
FN:141,(anonymous_10)
FN:161,(anonymous_11)
FN:167,(anonymous_12)
FN:168,(anonymous_13)
FN:169,(anonymous_14)
FNF:15
FNH:0
FNDA:0,(anonymous_0)
FNDA:0,(anonymous_1)
FNDA:0,(anonymous_2)
FNDA:0,(anonymous_3)
FNDA:0,(anonymous_4)
FNDA:0,(anonymous_5)
FNDA:0,(anonymous_6)
FNDA:0,(anonymous_7)
FNDA:0,(anonymous_8)
FNDA:0,(anonymous_9)
FNDA:0,(anonymous_10)
FNDA:0,(anonymous_11)
FNDA:0,(anonymous_12)
FNDA:0,(anonymous_13)
FNDA:0,(anonymous_14)
DA:1,3
DA:2,3
DA:3,3
DA:5,3
DA:6,0
DA:7,0
DA:8,0
DA:9,0
DA:10,0
DA:11,0
DA:12,0
DA:13,0
DA:14,0
DA:15,0
DA:17,0
DA:18,0
DA:20,0
DA:21,0
DA:22,0
DA:27,0
DA:31,0
DA:36,0
DA:46,0
DA:56,0
DA:57,0
DA:59,0
DA:60,0
DA:61,0
DA:62,0
DA:64,0
DA:68,3
DA:69,0
DA:70,0
DA:71,0
DA:73,0
DA:74,0
DA:78,3
DA:79,0
DA:80,0
DA:82,0
DA:83,0
DA:85,0
DA:86,0
DA:87,0
DA:91,3
DA:92,0
DA:93,0
DA:94,0
DA:96,0
DA:103,0
DA:104,0
DA:105,0
DA:106,0
DA:107,0
DA:108,0
DA:109,0
DA:110,0
DA:111,0
DA:113,0
DA:119,0
DA:121,0
DA:128,0
DA:129,0
DA:130,0
DA:131,0
DA:132,0
DA:133,0
DA:134,0
DA:135,0
DA:136,0
DA:137,0
DA:139,0
DA:140,0
DA:141,0
DA:142,0
DA:143,0
DA:146,0
DA:147,0
DA:148,0
DA:149,0
DA:150,0
DA:151,0
DA:152,0
DA:153,0
DA:156,0
DA:161,3
DA:162,0
DA:163,0
DA:164,0
DA:165,0
DA:167,0
DA:169,0
DA:170,0
DA:174,0
DA:176,0
DA:185,3
LF:96
LH:9
BRDA:9,0,0,0
BRDA:9,0,1,0
BRDA:10,1,0,0
BRDA:10,1,1,0
BRDA:12,2,0,0
BRDA:12,2,1,0
BRDA:14,3,0,0
BRDA:14,3,1,0
BRDA:17,4,0,0
BRDA:17,4,1,0
BRDA:21,5,0,0
BRDA:21,5,1,0
BRDA:60,6,0,0
BRDA:60,6,1,0
BRDA:82,7,0,0
BRDA:82,7,1,0
BRDA:86,8,0,0
BRDA:86,8,1,0
BRDA:94,9,0,0
BRDA:94,9,1,0
BRDA:96,10,0,0
BRDA:96,10,1,0
BRDA:104,11,0,0
BRDA:104,11,1,0
BRDA:106,12,0,0
BRDA:106,12,1,0
BRDA:108,13,0,0
BRDA:108,13,1,0
BRDA:121,14,0,0
BRDA:121,14,1,0
BRDA:130,15,0,0
BRDA:130,15,1,0
BRDA:132,16,0,0
BRDA:132,16,1,0
BRDA:147,17,0,0
BRDA:147,17,1,0
BRDA:149,18,0,0
BRDA:149,18,1,0
BRDA:151,19,0,0
BRDA:151,19,1,0
BRDA:164,20,0,0
BRDA:164,20,1,0
BRF:42
BRH:0
end_of_record
TN:
SF:backend\src\controllers\sessionController.js
FN:5,(anonymous_0)
FN:26,(anonymous_1)
FN:53,(anonymous_2)
FN:81,(anonymous_3)
FN:89,(anonymous_4)
FN:99,(anonymous_5)
FN:111,(anonymous_6)
FN:122,(anonymous_7)
FN:138,(anonymous_8)
FN:146,(anonymous_9)
FN:147,(anonymous_10)
FN:166,(anonymous_11)
FN:174,(anonymous_12)
FN:175,(anonymous_13)
FN:176,(anonymous_14)
FNF:15
FNH:0
FNDA:0,(anonymous_0)
FNDA:0,(anonymous_1)
FNDA:0,(anonymous_2)
FNDA:0,(anonymous_3)
FNDA:0,(anonymous_4)
FNDA:0,(anonymous_5)
FNDA:0,(anonymous_6)
FNDA:0,(anonymous_7)
FNDA:0,(anonymous_8)
FNDA:0,(anonymous_9)
FNDA:0,(anonymous_10)
FNDA:0,(anonymous_11)
FNDA:0,(anonymous_12)
FNDA:0,(anonymous_13)
FNDA:0,(anonymous_14)
DA:1,3
DA:2,3
DA:3,3
DA:5,3
DA:6,0
DA:7,0
DA:10,0
DA:11,0
DA:14,0
DA:15,0
DA:16,0
DA:21,0
DA:22,0
DA:23,0
DA:26,0
DA:31,0
DA:32,0
DA:33,0
DA:35,0
DA:36,0
DA:38,0
DA:39,0
DA:40,0
DA:45,0
DA:53,0
DA:63,0
DA:73,0
DA:75,0
DA:78,0
DA:80,0
DA:81,0
DA:82,0
DA:85,0
DA:89,3
DA:90,0
DA:91,0
DA:92,0
DA:94,0
DA:95,0
DA:99,3
DA:100,0
DA:101,0
DA:102,0
DA:103,0
DA:105,0
DA:106,0
DA:107,0
DA:111,3
DA:112,0
DA:113,0
DA:114,0
DA:116,0
DA:117,0
DA:118,0
DA:119,0
DA:120,0
DA:121,0
DA:122,0
DA:123,0
DA:124,0
DA:125,0
DA:127,0
DA:131,0
DA:133,0
DA:134,0
DA:135,0
DA:136,0
DA:137,0
DA:138,0
DA:139,0
DA:140,0
DA:141,0
DA:142,0
DA:143,0
DA:145,0
DA:146,0
DA:147,0
DA:148,0
DA:149,0
DA:152,0
DA:153,0
DA:154,0
DA:155,0
DA:156,0
DA:157,0
DA:158,0
DA:159,0
DA:162,0
DA:166,3
DA:167,0
DA:168,0
DA:170,0
DA:172,0
DA:174,0
DA:176,0
DA:178,0
DA:183,0
DA:185,0
DA:192,3
LF:99
LH:9
BRDA:10,0,0,0
BRDA:10,0,1,0
BRDA:15,1,0,0
BRDA:15,1,1,0
BRDA:22,2,0,0
BRDA:22,2,1,0
BRDA:32,3,0,0
BRDA:32,3,1,0
BRDA:35,4,0,0
BRDA:35,4,1,0
BRDA:39,5,0,0
BRDA:39,5,1,0
BRDA:80,6,0,0
BRDA:80,6,1,0
BRDA:102,7,0,0
BRDA:102,7,1,0
BRDA:106,8,0,0
BRDA:106,8,1,0
BRDA:114,9,0,0
BRDA:114,9,1,0
BRDA:116,10,0,0
BRDA:116,10,1,0
BRDA:118,11,0,0
BRDA:118,11,1,0
BRDA:120,12,0,0
BRDA:120,12,1,0
BRDA:122,13,0,0
BRDA:122,13,1,0
BRDA:133,14,0,0
BRDA:133,14,1,0
BRDA:136,15,0,0
BRDA:136,15,1,0
BRDA:138,16,0,0
BRDA:138,16,1,0
BRDA:153,17,0,0
BRDA:153,17,1,0
BRDA:155,18,0,0
BRDA:155,18,1,0
BRDA:157,19,0,0
BRDA:157,19,1,0
BRDA:170,20,0,0
BRDA:170,20,1,0
BRF:42
BRH:0
end_of_record
TN:
SF:backend\src\controllers\storeController.js
FN:4,(anonymous_0)
FN:25,(anonymous_1)
FN:33,(anonymous_2)
FN:43,(anonymous_3)
FNF:4
FNH:0
FNDA:0,(anonymous_0)
FNDA:0,(anonymous_1)
FNDA:0,(anonymous_2)
FNDA:0,(anonymous_3)
DA:2,3
DA:4,3
DA:5,0
DA:6,0
DA:8,0
DA:9,0
DA:10,0
DA:13,0
DA:19,0
DA:22,0
DA:24,0
DA:25,0
DA:26,0
DA:29,0
DA:33,3
DA:34,0
DA:35,0
DA:36,0
DA:38,0
DA:39,0
DA:43,3
DA:44,0
DA:45,0
DA:46,0
DA:48,0
DA:49,0
DA:52,0
DA:54,0
DA:56,0
DA:57,0
DA:60,0
DA:65,3
LF:32
LH:5
BRDA:9,0,0,0
BRDA:9,0,1,0
BRDA:24,1,0,0
BRDA:24,1,1,0
BRDA:48,2,0,0
BRDA:48,2,1,0
BRDA:56,3,0,0
BRDA:56,3,1,0
BRF:8
BRH:0
end_of_record
TN:
SF:backend\src\controllers\userController.js
FN:10,(anonymous_0)
FN:19,(anonymous_1)
FN:56,(anonymous_2)
FN:71,login
FN:84,(anonymous_4)
FN:94,(anonymous_5)
FN:106,(anonymous_6)
FN:119,(anonymous_7)
FN:137,(anonymous_8)
FN:151,(anonymous_9)
FN:153,(anonymous_10)
FN:177,(anonymous_11)
FN:185,(anonymous_12)
FN:220,(anonymous_13)
FN:228,(anonymous_14)
FN:257,(anonymous_15)
FN:272,(anonymous_16)
FN:275,(anonymous_17)
FN:276,(anonymous_18)
FN:292,(anonymous_19)
FN:294,(anonymous_20)
FN:294,(anonymous_21)
FNF:22
FNH:12
FNDA:46,(anonymous_0)
FNDA:34,(anonymous_1)
FNDA:19,(anonymous_2)
FNDA:15,login
FNDA:2,(anonymous_4)
FNDA:1,(anonymous_5)
FNDA:18,(anonymous_6)
FNDA:11,(anonymous_7)
FNDA:1,(anonymous_8)
FNDA:2,(anonymous_9)
FNDA:2,(anonymous_10)
FNDA:0,(anonymous_11)
FNDA:0,(anonymous_12)
FNDA:0,(anonymous_13)
FNDA:0,(anonymous_14)
FNDA:1,(anonymous_15)
FNDA:0,(anonymous_16)
FNDA:0,(anonymous_17)
FNDA:0,(anonymous_18)
FNDA:0,(anonymous_19)
FNDA:0,(anonymous_20)
FNDA:0,(anonymous_21)
DA:1,3
DA:2,3
DA:3,3
DA:4,3
DA:5,3
DA:6,3
DA:7,3
DA:8,3
DA:10,3
DA:11,46
DA:12,46
DA:19,3
DA:20,34
DA:21,34
DA:22,34
DA:23,34
DA:25,34
DA:26,34
DA:30,34
DA:31,34
DA:33,34
DA:40,34
DA:42,34
DA:50,0
DA:51,0
DA:56,3
DA:57,19
DA:58,19
DA:60,19
DA:61,15
DA:62,15
DA:63,14
DA:64,4
DA:65,2
DA:66,2
DA:67,1
DA:69,2
DA:72,15
DA:73,14
DA:74,14
DA:75,12
DA:76,12
DA:79,0
DA:80,0
DA:84,3
DA:85,2
DA:86,2
DA:87,2
DA:89,0
DA:90,0
DA:94,3
DA:95,1
DA:96,1
DA:97,1
DA:98,1
DA:100,0
DA:101,0
DA:102,0
DA:106,3
DA:107,18
DA:108,18
DA:109,18
DA:110,18
DA:111,18
DA:113,0
DA:114,0
DA:115,0
DA:119,3
DA:120,11
DA:121,11
DA:122,11
DA:124,11
DA:125,11
DA:126,11
DA:128,11
DA:129,0
DA:132,11
DA:133,11
DA:135,7
DA:136,1
DA:137,6
DA:138,1
DA:140,5
DA:141,5
DA:142,5
DA:146,2
DA:147,2
DA:149,2
DA:151,2
DA:153,2
DA:154,2
DA:155,2
DA:156,2
DA:157,0
DA:158,0
DA:160,2
DA:161,2
DA:162,2
DA:163,2
DA:165,2
DA:168,0
DA:170,0
DA:171,0
DA:172,0
DA:173,0
DA:174,0
DA:177,0
DA:178,0
DA:180,0
DA:181,0
DA:185,0
DA:186,0
DA:187,0
DA:190,0
DA:193,0
DA:194,0
DA:197,0
DA:199,0
DA:201,0
DA:202,0
DA:203,0
DA:204,0
DA:206,0
DA:207,0
DA:208,0
DA:210,0
DA:212,0
DA:213,0
DA:215,0
DA:218,0
DA:219,0
DA:220,0
DA:221,0
DA:224,0
DA:225,0
DA:228,0
DA:229,0
DA:232,9
DA:236,9
DA:238,0
DA:240,0
DA:241,0
DA:244,0
DA:245,0
DA:248,0
DA:249,0
DA:250,0
DA:253,0
DA:257,3
DA:258,1
DA:259,1
DA:260,1
DA:262,1
DA:269,1
DA:270,1
DA:271,1
DA:272,0
DA:274,0
DA:276,0
DA:280,0
DA:284,0
DA:287,0
DA:288,0
DA:291,1
DA:292,0
DA:293,0
DA:294,0
DA:297,0
DA:301,0
DA:303,0
DA:304,0
DA:308,1
DA:312,1
DA:314,1
DA:315,1
DA:321,0
DA:322,0
DA:330,3
LF:178
LH:101
BRDA:15,0,0,46
BRDA:15,0,1,0
BRDA:21,1,0,0
BRDA:21,1,1,34
BRDA:26,2,0,0
BRDA:26,2,1,34
BRDA:27,3,0,0
BRDA:27,3,1,0
BRDA:37,4,0,34
BRDA:37,4,1,34
BRDA:60,5,0,15
BRDA:60,5,1,4
BRDA:62,6,0,1
BRDA:62,6,1,14
BRDA:64,7,0,2
BRDA:64,7,1,2
BRDA:66,8,0,1
BRDA:66,8,1,1
BRDA:72,9,0,1
BRDA:72,9,1,14
BRDA:74,10,0,2
BRDA:74,10,1,12
BRDA:97,11,0,0
BRDA:97,11,1,1
BRDA:101,12,0,0
BRDA:101,12,1,0
BRDA:110,13,0,0
BRDA:110,13,1,18
BRDA:114,14,0,0
BRDA:114,14,1,0
BRDA:122,15,0,0
BRDA:122,15,1,11
BRDA:124,16,0,11
BRDA:124,16,1,0
BRDA:128,17,0,0
BRDA:128,17,1,11
BRDA:133,18,0,7
BRDA:133,18,1,2
BRDA:133,18,2,2
BRDA:133,18,3,0
BRDA:135,19,0,1
BRDA:135,19,1,6
BRDA:137,20,0,1
BRDA:137,20,1,5
BRDA:154,21,0,0
BRDA:154,21,1,2
BRDA:155,22,0,0
BRDA:155,22,1,2
BRDA:156,23,0,0
BRDA:156,23,1,2
BRDA:170,24,0,0
BRDA:170,24,1,0
BRDA:172,25,0,0
BRDA:172,25,1,0
BRDA:174,26,0,0
BRDA:174,26,1,0
BRDA:174,26,2,0
BRDA:177,27,0,0
BRDA:177,27,1,0
BRDA:185,28,0,0
BRDA:185,28,1,0
BRDA:199,29,0,0
BRDA:199,29,1,0
BRDA:202,30,0,0
BRDA:202,30,1,0
BRDA:204,31,0,0
BRDA:204,31,1,0
BRDA:204,31,2,0
BRDA:224,32,0,0
BRDA:224,32,1,0
BRDA:240,33,0,0
BRDA:240,33,1,0
BRDA:244,34,0,0
BRDA:244,34,1,0
BRDA:248,35,0,0
BRDA:248,35,1,0
BRDA:260,36,0,0
BRDA:260,36,1,1
BRDA:271,37,0,0
BRDA:271,37,1,1
BRDA:291,38,0,0
BRDA:291,38,1,1
BRDA:322,39,0,0
BRDA:322,39,1,0
BRDA:323,40,0,0
BRDA:323,40,1,0
BRF:86
BRH:35
end_of_record
TN:
SF:backend\src\middleware\authMiddleware.js
FN:7,verifyToken
FN:20,checkUserPermission
FN:27,checkSessionPermission
FNF:3
FNH:2
FNDA:13,verifyToken
FNDA:12,checkUserPermission
FNDA:0,checkSessionPermission
DA:1,3
DA:2,3
DA:3,3
DA:5,3
DA:8,13
DA:9,13
DA:10,13
DA:11,13
DA:12,13
DA:13,13
DA:14,13
DA:16,0
DA:21,12
DA:22,0
DA:24,12
DA:28,0
DA:29,0
DA:30,0
DA:32,0
DA:35,3
LF:20
LH:14
BRDA:8,0,0,0
BRDA:8,0,1,13
BRDA:10,1,0,0
BRDA:10,1,1,13
BRDA:21,2,0,0
BRDA:21,2,1,12
BRDA:29,3,0,0
BRDA:29,3,1,0
BRF:8
BRH:3
end_of_record
TN:
SF:backend\src\models\Game.js
FN:46,(anonymous_0)
FN:55,(anonymous_1)
FNF:2
FNH:0
FNDA:0,(anonymous_0)
FNDA:0,(anonymous_1)
DA:1,3
DA:3,3
DA:16,3
DA:47,0
DA:48,0
DA:49,0
DA:50,0
DA:55,3
DA:56,0
DA:59,3
LF:10
LH:5
BRF:0
BRH:0
end_of_record
TN:
SF:backend\src\models\Group.js
FN:42,(anonymous_0)
FNF:1
FNH:0
FNDA:0,(anonymous_0)
DA:1,3
DA:3,3
DA:16,3
DA:43,0
DA:44,0
DA:45,0
DA:46,0
DA:51,3
LF:8
LH:4
BRF:0
BRH:0
end_of_record
TN:
SF:backend\src\models\Session.js
FN:51,(anonymous_0)
FN:58,(anonymous_1)
FN:59,(anonymous_2)
FNF:3
FNH:0
FNDA:0,(anonymous_0)
FNDA:0,(anonymous_1)
FNDA:0,(anonymous_2)
DA:1,3
DA:4,3
DA:17,3
DA:52,0
DA:53,0
DA:58,3
DA:59,0
DA:60,0
DA:61,0
DA:64,3
DA:66,3
LF:11
LH:6
BRDA:59,0,0,0
BRDA:59,0,1,0
BRF:2
BRH:0
end_of_record
TN:
SF:backend\src\models\Store.js
FN:25,(anonymous_0)
FNF:1
FNH:0
FNDA:0,(anonymous_0)
DA:2,3
DA:4,3
DA:26,0
DA:27,0
DA:28,0
DA:29,0
DA:34,3
DA:35,3
LF:8
LH:4
BRF:0
BRH:0
end_of_record
TN:
SF:backend\src\models\User.js
FN:93,(anonymous_0)
FN:100,(anonymous_1)
FN:106,(anonymous_2)
FN:107,(anonymous_3)
FN:113,(anonymous_4)
FN:114,(anonymous_5)
FN:120,(anonymous_6)
FN:121,(anonymous_7)
FN:125,(anonymous_8)
FN:127,(anonymous_9)
FN:150,(anonymous_10)
FN:151,(anonymous_11)
FN:157,(anonymous_12)
FN:158,(anonymous_13)
FNF:14
FNH:7
FNDA:38,(anonymous_0)
FNDA:38,(anonymous_1)
FNDA:10,(anonymous_2)
FNDA:0,(anonymous_3)
FNDA:4,(anonymous_4)
FNDA:4,(anonymous_5)
FNDA:4,(anonymous_6)
FNDA:4,(anonymous_7)
FNDA:0,(anonymous_8)
FNDA:0,(anonymous_9)
FNDA:0,(anonymous_10)
FNDA:0,(anonymous_11)
FNDA:0,(anonymous_12)
FNDA:0,(anonymous_13)
DA:1,3
DA:2,3
DA:5,3
DA:18,3
DA:26,3
DA:39,3
DA:53,3
DA:94,38
DA:95,38
DA:100,3
DA:101,38
DA:106,3
DA:107,10
DA:108,10
DA:110,10
DA:113,3
DA:114,4
DA:115,4
DA:117,4
DA:120,3
DA:121,4
DA:122,4
DA:125,3
DA:126,0
DA:127,0
DA:128,0
DA:129,0
DA:130,0
DA:134,0
DA:135,0
DA:136,0
DA:137,0
DA:143,0
DA:150,3
DA:151,0
DA:152,0
DA:154,0
DA:157,3
DA:158,0
DA:159,0
DA:161,0
DA:164,3
DA:166,3
LF:43
LH:27
BRDA:107,0,0,10
BRDA:107,0,1,0
BRDA:114,1,0,4
BRDA:114,1,1,0
BRDA:126,2,0,0
BRDA:126,2,1,0
BRDA:127,3,0,0
BRDA:127,3,1,0
BRDA:134,4,0,0
BRDA:134,4,1,0
BRDA:151,5,0,0
BRDA:151,5,1,0
BRDA:158,6,0,0
BRDA:158,6,1,0
BRF:14
BRH:2
end_of_record
TN:
SF:backend\src\routes\gameRoutes.js
FNF:0
FNH:0
DA:1,3
DA:2,3
DA:3,3
DA:5,3
DA:6,3
DA:7,3
DA:8,3
DA:9,3
DA:11,3
LF:9
LH:9
BRF:0
BRH:0
end_of_record
TN:
SF:backend\src\routes\groupRoutes.js
FNF:0
FNH:0
DA:1,3
DA:2,3
DA:3,3
DA:5,3
DA:6,3
DA:7,3
DA:8,3
DA:9,3
DA:11,3
LF:9
LH:9
BRF:0
BRH:0
end_of_record
TN:
SF:backend\src\routes\sessionRoutes.js
FNF:0
FNH:0
DA:1,3
DA:2,3
DA:3,3
DA:4,3
DA:6,3
DA:7,3
DA:8,3
DA:11,3
DA:12,3
DA:14,3
LF:10
LH:10
BRF:0
BRH:0
end_of_record
TN:
SF:backend\src\routes\storeRoutes.js
FNF:0
FNH:0
DA:1,3
DA:2,3
DA:3,3
DA:5,3
DA:6,3
DA:9,3
DA:11,3
LF:7
LH:7
BRF:0
BRH:0
end_of_record
TN:
SF:backend\src\routes\userRoutes.js
FNF:0
FNH:0
DA:1,3
DA:2,3
DA:3,3
DA:4,3
DA:6,3
DA:7,3
DA:8,3
DA:11,3
DA:12,3
DA:13,3
DA:14,3
DA:16,3
LF:12
LH:12
BRF:0
BRH:0
end_of_record
